#
# There is insufficient memory for the Java Runtime Environment to continue.
# Native memory allocation (malloc) failed to allocate 838576 bytes for Chunk::new
# Possible reasons:
#   The system is out of physical RAM or swap space
#   The process is running with CompressedOops enabled, and the Java Heap may be blocking the growth of the native heap
# Possible solutions:
#   Reduce memory load on the system
#   Increase physical memory or swap space
#   Check if swap backing store is full
#   Decrease Java heap size (-Xmx/-Xms)
#   Decrease number of Java threads
#   Decrease Java thread stack sizes (-Xss)
#   Set larger code cache with -XX:ReservedCodeCacheSize=
#   JVM is running with Unscaled Compressed Oops mode in which the Java heap is
#     placed in the first 4GB address space. The Java Heap base address is the
#     maximum limit for the native heap growth. Please use -XX:HeapBaseMinAddress
#     to set the Java Heap base and to place the Java Heap above 4GB virtual address.
# This output file may be truncated or incomplete.
#
#  Out of Memory Error (t:/workspace/open/src/hotspot/share/memory/arena.cpp:196), pid=5244, tid=12232
#
# JRE version: Java(TM) SE Runtime Environment (13.0.2+8) (build 13.0.2+8)
# Java VM: Java HotSpot(TM) 64-Bit Server VM (13.0.2+8, mixed mode, sharing, tiered, compressed oops, parallel gc, windows-amd64)
# No core dump will be written. Minidumps are not enabled by default on client versions of Windows
#

---------------  S U M M A R Y ------------

Command Line: --add-modules=ALL-SYSTEM --add-opens=java.base/java.util=ALL-UNNAMED --add-opens=java.base/java.lang=ALL-UNNAMED -Declipse.application=org.eclipse.jdt.ls.core.id1 -Dosgi.bundles.defaultStartLevel=4 -Declipse.product=org.eclipse.jdt.ls.core.product -Dfile.encoding=utf8 -DwatchParentProcess=false -XX:+UseParallelGC -XX:GCTimeRatio=4 -XX:AdaptiveSizePolicyWeight=90 -Dsun.zip.disableMemoryMapping=true -Xmx1G -Xms100m c:\Users\admin\.vscode\extensions\redhat.java-0.61.0\server\plugins\org.eclipse.equinox.launcher_1.5.700.v20200207-2156.jar -configuration c:\Users\admin\AppData\Roaming\Code\User\globalStorage\redhat.java\0.61.0\config_ss_win -data c:\Users\admin\AppData\Roaming\Code\User\workspaceStorage\077ad5276b704709ee4e8f33274168f8\redhat.java\ss_ws

Host: Intel(R) Core(TM) i5-5300U CPU @ 2.30GHz, 4 cores, 7G,  Windows 10 , 64 bit Build 18362 (10.0.18362.778)
Time: Tue May 12 10:02:10 2020 Eastern Daylight Time elapsed time: 6 seconds (0d 0h 0m 6s)

---------------  T H R E A D  ---------------

Current thread (0x0000020b40f83000):  JavaThread "C2 CompilerThread1" daemon [_thread_in_native, id=12232, stack(0x00000030d8d00000,0x00000030d8e00000)]


Current CompileTask:
C2:   6569 2743       4       org.eclipse.jdt.internal.core.JarPackageFragmentRoot::initRawPackageInfo (349 bytes)

Stack: [0x00000030d8d00000,0x00000030d8e00000]
Native frames: (J=compiled Java code, j=interpreted, Vv=VM code, C=native code)
V  [jvm.dll+0x624f9a]
V  [jvm.dll+0x770cfa]
V  [jvm.dll+0x7724af]
V  [jvm.dll+0x772ab3]
V  [jvm.dll+0x24bf08]
V  [jvm.dll+0xc1e47]
V  [jvm.dll+0xc23cc]
V  [jvm.dll+0x35c068]
V  [jvm.dll+0x19f100]
V  [jvm.dll+0x205d36]
V  [jvm.dll+0x204e3f]
V  [jvm.dll+0x189c2c]
V  [jvm.dll+0x213e6d]
V  [jvm.dll+0x2120bb]
V  [jvm.dll+0x736bb6]
V  [jvm.dll+0x72fcaa]
V  [jvm.dll+0x623ea6]
C  [ucrtbase.dll+0x20e72]
C  [KERNEL32.DLL+0x17bd4]
C  [ntdll.dll+0x6ce51]


---------------  P R O C E S S  ---------------

Threads class SMR info:
_java_thread_list=0x0000020b41026140, length=19, elements={
0x0000020b24b0f800, 0x0000020b24bcb000, 0x0000020b24bce000, 0x0000020b3eb98000,
0x0000020b3eb9b000, 0x0000020b3eba0800, 0x0000020b3eba8000, 0x0000020b3fc20800,
0x0000020b24bae000, 0x0000020b3fd0b000, 0x0000020b40453800, 0x0000020b40265000,
0x0000020b4026c000, 0x0000020b40668000, 0x0000020b40663800, 0x0000020b40cdf800,
0x0000020b40e5f800, 0x0000020b40f83000, 0x0000020b4105a800
}

Java Threads: ( => current thread )
  0x0000020b24b0f800 JavaThread "main" [_thread_blocked, id=14536, stack(0x00000030d7600000,0x00000030d7700000)]
  0x0000020b24bcb000 JavaThread "Reference Handler" daemon [_thread_blocked, id=5192, stack(0x00000030d7900000,0x00000030d7a00000)]
  0x0000020b24bce000 JavaThread "Finalizer" daemon [_thread_blocked, id=7668, stack(0x00000030d7a00000,0x00000030d7b00000)]
  0x0000020b3eb98000 JavaThread "Signal Dispatcher" daemon [_thread_blocked, id=15848, stack(0x00000030d7b00000,0x00000030d7c00000)]
  0x0000020b3eb9b000 JavaThread "Attach Listener" daemon [_thread_blocked, id=11372, stack(0x00000030d7c00000,0x00000030d7d00000)]
  0x0000020b3eba0800 JavaThread "C2 CompilerThread0" daemon [_thread_in_native, id=4668, stack(0x00000030d7d00000,0x00000030d7e00000)]
  0x0000020b3eba8000 JavaThread "C1 CompilerThread0" daemon [_thread_blocked, id=9908, stack(0x00000030d7e00000,0x00000030d7f00000)]
  0x0000020b3fc20800 JavaThread "Sweeper thread" daemon [_thread_blocked, id=4480, stack(0x00000030d7f00000,0x00000030d8000000)]
  0x0000020b24bae000 JavaThread "Common-Cleaner" daemon [_thread_blocked, id=12616, stack(0x00000030d8000000,0x00000030d8100000)]
  0x0000020b3fd0b000 JavaThread "Service Thread" daemon [_thread_blocked, id=1912, stack(0x00000030d8100000,0x00000030d8200000)]
  0x0000020b40453800 JavaThread "Active Thread: Equinox Container: 419aa444-630e-427e-b234-1bde32977093" [_thread_blocked, id=17208, stack(0x00000030d8300000,0x00000030d8400000)]
  0x0000020b40265000 JavaThread "Framework Event Dispatcher: Equinox Container: 419aa444-630e-427e-b234-1bde32977093" daemon [_thread_blocked, id=3064, stack(0x00000030d8400000,0x00000030d8500000)]
  0x0000020b4026c000 JavaThread "Start Level: Equinox Container: 419aa444-630e-427e-b234-1bde32977093" daemon [_thread_blocked, id=4072, stack(0x00000030d8500000,0x00000030d8600000)]
  0x0000020b40668000 JavaThread "Worker-JM" [_thread_blocked, id=12384, stack(0x00000030d8900000,0x00000030d8a00000)]
  0x0000020b40663800 JavaThread "Worker-0" [_thread_blocked, id=7188, stack(0x00000030d8a00000,0x00000030d8b00000)]
  0x0000020b40cdf800 JavaThread "Worker-1" [_thread_blocked, id=4520, stack(0x00000030d8b00000,0x00000030d8c00000)]
  0x0000020b40e5f800 JavaThread "Worker-2: Initialize Workspace" [_thread_in_Java, id=11316, stack(0x00000030d8c00000,0x00000030d8d00000)]
=>0x0000020b40f83000 JavaThread "C2 CompilerThread1" daemon [_thread_in_native, id=12232, stack(0x00000030d8d00000,0x00000030d8e00000)]
  0x0000020b4105a800 JavaThread "pool-1-thread-1" [_thread_blocked, id=10552, stack(0x00000030d8e00000,0x00000030d8f00000)]

Other Threads:
  0x0000020b3eb90800 VMThread "VM Thread" [stack: 0x00000030d7800000,0x00000030d7900000] [id=12940]
  0x0000020b3fd6a000 WatcherThread [stack: 0x00000030d8200000,0x00000030d8300000] [id=5616]
  0x0000020b24b26000 GCTaskThread "ParGC Thread#0" [stack: 0x00000030d7700000,0x00000030d7800000] [id=12992]
  0x0000020b40297000 GCTaskThread "ParGC Thread#1" [stack: 0x00000030d8600000,0x00000030d8700000] [id=12068]
  0x0000020b4075d000 GCTaskThread "ParGC Thread#2" [stack: 0x00000030d8700000,0x00000030d8800000] [id=14720]
  0x0000020b4075e000 GCTaskThread "ParGC Thread#3" [stack: 0x00000030d8800000,0x00000030d8900000] [id=10432]

Threads with active compile tasks:
C2 CompilerThread0     6595 2739       4       org.eclipse.jdt.internal.compiler.util.JrtFileSystem$2::visitFile (79 bytes)
C2 CompilerThread1     6595 2743       4       org.eclipse.jdt.internal.core.JarPackageFragmentRoot::initRawPackageInfo (349 bytes)

VM state:not at safepoint (normal execution)

VM Mutex/Monitor currently owned by a thread: None

Heap address: 0x00000000c0000000, size: 1024 MB, Compressed Oops mode: 32-bit
Narrow klass base: 0x0000000800000000, Narrow klass shift: 3
Compressed class space size: 1073741824 Address: 0x0000000800b40000

Heap:
 PSYoungGen      total 24576K, used 9933K [0x00000000eab00000, 0x00000000ec680000, 0x0000000100000000)
  eden space 22016K, 35% used [0x00000000eab00000,0x00000000eb293588,0x00000000ec080000)
  from space 2560K, 85% used [0x00000000ec100000,0x00000000ec320010,0x00000000ec380000)
  to   space 3072K, 0% used [0x00000000ec380000,0x00000000ec380000,0x00000000ec680000)
 ParOldGen       total 68608K, used 17502K [0x00000000c0000000, 0x00000000c4300000, 0x00000000eab00000)
  object space 68608K, 25% used [0x00000000c0000000,0x00000000c1117b90,0x00000000c4300000)
 Metaspace       used 24776K, capacity 26086K, committed 26240K, reserved 1077248K
  class space    used 2397K, capacity 2876K, committed 2944K, reserved 1048576K

Card table byte_map: [0x0000020b24600000,0x0000020b24810000] _byte_map_base: 0x0000020b24000000

Marking Bits: (ParMarkBitMap*) 0x00007ffaf5db4110
 Begin Bits: [0x0000020b3c010000, 0x0000020b3d010000)
 End Bits:   [0x0000020b3d010000, 0x0000020b3e010000)

Polling page: 0x0000020b228d0000

Metaspace:

Usage:
  Non-class:     22.67 MB capacity,    21.85 MB ( 96%) used,   785.33 KB (  3%) free+waste,    45.50 KB ( <1%) overhead. 
      Class:      2.81 MB capacity,     2.34 MB ( 83%) used,   456.42 KB ( 16%) free+waste,    22.06 KB ( <1%) overhead. 
       Both:     25.47 MB capacity,    24.20 MB ( 95%) used,     1.21 MB (  5%) free+waste,    67.56 KB ( <1%) overhead. 

Virtual space:
  Non-class space:       28.00 MB reserved,      22.75 MB ( 81%) committed 
      Class space:        1.00 GB reserved,       2.88 MB ( <1%) committed 
             Both:        1.03 GB reserved,      25.63 MB (  2%) committed 

Chunk freelists:
   Non-Class:  22.00 KB
       Class:  4.00 KB
        Both:  26.00 KB

MaxMetaspaceSize: 17179869184.00 GB
CompressedClassSpaceSize: 1.00 GB

CodeHeap 'non-profiled nmethods': size=120000Kb used=1184Kb max_used=1184Kb free=118815Kb
 bounds [0x0000020b34ae0000, 0x0000020b34d50000, 0x0000020b3c010000]
CodeHeap 'profiled nmethods': size=120000Kb used=5279Kb max_used=5279Kb free=114720Kb
 bounds [0x0000020b2d5b0000, 0x0000020b2dae0000, 0x0000020b34ae0000]
CodeHeap 'non-nmethods': size=5760Kb used=1269Kb max_used=1313Kb free=4490Kb
 bounds [0x0000020b2d010000, 0x0000020b2d280000, 0x0000020b2d5b0000]
 total_blobs=4231 nmethods=2485 adapters=457
 compilation: enabled
              stopped_count=0, restarted_count=0
 full_count=0

Compilation events (20 events):
Event: 6.311 Thread 0x0000020b3eba0800 nmethod 2701 0x0000020b34bfc390 code [0x0000020b34bfc520, 0x0000020b34bfc578]
Event: 6.311 Thread 0x0000020b3eba0800 2711       4       jdk.internal.jrtfs.JrtPath::getName (116 bytes)
Event: 6.313 Thread 0x0000020b40f83000 nmethod 2733 0x0000020b34bfc690 code [0x0000020b34bfc840, 0x0000020b34bfc9a8]
Event: 6.313 Thread 0x0000020b40f83000 2736       4       org.eclipse.jdt.internal.core.util.HashtableOfArrayToObject::getKey (66 bytes)
Event: 6.333 Thread 0x0000020b40f83000 nmethod 2736 0x0000020b34bfcb90 code [0x0000020b34bfcd40, 0x0000020b34bfd518]
Event: 6.333 Thread 0x0000020b40f83000 2740       4       org.eclipse.jdt.internal.core.util.HashtableOfArrayToObject::get (69 bytes)
Event: 6.352 Thread 0x0000020b40f83000 nmethod 2740 0x0000020b34bfda10 code [0x0000020b34bfdbc0, 0x0000020b34bfe3d8]
Event: 6.352 Thread 0x0000020b40f83000 2743       4       org.eclipse.jdt.internal.core.JarPackageFragmentRoot::initRawPackageInfo (349 bytes)
Event: 6.364 Thread 0x0000020b3eba0800 nmethod 2711 0x0000020b34bfe910 code [0x0000020b34bfeb60, 0x0000020b34c00008]
Event: 6.364 Thread 0x0000020b3eba0800 2741       4       jdk.internal.jrtfs.JrtPath::subpath (7 bytes)
Event: 6.415 Thread 0x0000020b3eba0800 nmethod 2741 0x0000020b34c00e90 code [0x0000020b34c010e0, 0x0000020b34c025a8]
Event: 6.415 Thread 0x0000020b3eba0800 2742       4       jdk.internal.jrtfs.JrtPath::subpath (129 bytes)
Event: 6.439 Thread 0x0000020b3eba8000 2745       3       java.nio.ByteBuffer::get (55 bytes)
Event: 6.439 Thread 0x0000020b3eba8000 nmethod 2745 0x0000020b2dad7390 code [0x0000020b2dad75a0, 0x0000020b2dad7bb0]
Event: 6.440 Thread 0x0000020b3eba8000 2746       3       org.eclipse.core.runtime.Path::equals (124 bytes)
Event: 6.440 Thread 0x0000020b3eba8000 nmethod 2746 0x0000020b2dad7e10 code [0x0000020b2dad8020, 0x0000020b2dad87e0]
Event: 6.469 Thread 0x0000020b3eba0800 nmethod 2742 0x0000020b34c03490 code [0x0000020b34c036e0, 0x0000020b34c04ba8]
Event: 6.470 Thread 0x0000020b3eba0800 2738       4       org.eclipse.jdt.internal.compiler.util.JrtFileSystem$2::visitFile (10 bytes)
Event: 6.538 Thread 0x0000020b3eba0800 nmethod 2738 0x0000020b34c05a90 code [0x0000020b34c05d20, 0x0000020b34c07100]
Event: 6.538 Thread 0x0000020b3eba0800 2739       4       org.eclipse.jdt.internal.compiler.util.JrtFileSystem$2::visitFile (79 bytes)

GC Heap History (20 events):
Event: 3.371 GC heap after
{Heap after GC invocations=4 (full 1):
 PSYoungGen      total 29696K, used 0K [0x00000000eab00000, 0x00000000ecc00000, 0x0000000100000000)
  eden space 25600K, 0% used [0x00000000eab00000,0x00000000eab00000,0x00000000ec400000)
  from space 4096K, 0% used [0x00000000ec400000,0x00000000ec400000,0x00000000ec800000)
  to   space 4096K, 0% used [0x00000000ec800000,0x00000000ec800000,0x00000000ecc00000)
 ParOldGen       total 68608K, used 6300K [0x00000000c0000000, 0x00000000c4300000, 0x00000000eab00000)
  object space 68608K, 9% used [0x00000000c0000000,0x00000000c0627360,0x00000000c4300000)
 Metaspace       used 17914K, capacity 18823K, committed 18944K, reserved 1073152K
  class space    used 1624K, capacity 1932K, committed 2048K, reserved 1048576K
}
Event: 3.500 GC heap before
{Heap before GC invocations=5 (full 1):
 PSYoungGen      total 29696K, used 1773K [0x00000000eab00000, 0x00000000ecc00000, 0x0000000100000000)
  eden space 25600K, 6% used [0x00000000eab00000,0x00000000eacbb5d0,0x00000000ec400000)
  from space 4096K, 0% used [0x00000000ec400000,0x00000000ec400000,0x00000000ec800000)
  to   space 4096K, 0% used [0x00000000ec800000,0x00000000ec800000,0x00000000ecc00000)
 ParOldGen       total 68608K, used 6300K [0x00000000c0000000, 0x00000000c4300000, 0x00000000eab00000)
  object space 68608K, 9% used [0x00000000c0000000,0x00000000c0627360,0x00000000c4300000)
 Metaspace       used 18403K, capacity 19358K, committed 19456K, reserved 1083392K
  class space    used 1684K, capacity 1982K, committed 2048K, reserved 1048576K
}
Event: 3.501 GC heap after
{Heap after GC invocations=5 (full 1):
 PSYoungGen      total 29696K, used 323K [0x00000000eab00000, 0x00000000ecc00000, 0x0000000100000000)
  eden space 25600K, 0% used [0x00000000eab00000,0x00000000eab00000,0x00000000ec400000)
  from space 4096K, 7% used [0x00000000ec800000,0x00000000ec850c10,0x00000000ecc00000)
  to   space 4096K, 0% used [0x00000000ec400000,0x00000000ec400000,0x00000000ec800000)
 ParOldGen       total 68608K, used 6300K [0x00000000c0000000, 0x00000000c4300000, 0x00000000eab00000)
  object space 68608K, 9% used [0x00000000c0000000,0x00000000c0627360,0x00000000c4300000)
 Metaspace       used 18403K, capacity 19358K, committed 19456K, reserved 1083392K
  class space    used 1684K, capacity 1982K, committed 2048K, reserved 1048576K
}
Event: 3.501 GC heap before
{Heap before GC invocations=6 (full 2):
 PSYoungGen      total 29696K, used 323K [0x00000000eab00000, 0x00000000ecc00000, 0x0000000100000000)
  eden space 25600K, 0% used [0x00000000eab00000,0x00000000eab00000,0x00000000ec400000)
  from space 4096K, 7% used [0x00000000ec800000,0x00000000ec850c10,0x00000000ecc00000)
  to   space 4096K, 0% used [0x00000000ec400000,0x00000000ec400000,0x00000000ec800000)
 ParOldGen       total 68608K, used 6300K [0x00000000c0000000, 0x00000000c4300000, 0x00000000eab00000)
  object space 68608K, 9% used [0x00000000c0000000,0x00000000c0627360,0x00000000c4300000)
 Metaspace       used 18403K, capacity 19358K, committed 19456K, reserved 1083392K
  class space    used 1684K, capacity 1982K, committed 2048K, reserved 1048576K
}
Event: 3.539 GC heap after
{Heap after GC invocations=6 (full 2):
 PSYoungGen      total 29696K, used 0K [0x00000000eab00000, 0x00000000ecc00000, 0x0000000100000000)
  eden space 25600K, 0% used [0x00000000eab00000,0x00000000eab00000,0x00000000ec400000)
  from space 4096K, 0% used [0x00000000ec800000,0x00000000ec800000,0x00000000ecc00000)
  to   space 4096K, 0% used [0x00000000ec400000,0x00000000ec400000,0x00000000ec800000)
 ParOldGen       total 68608K, used 6527K [0x00000000c0000000, 0x00000000c4300000, 0x00000000eab00000)
  object space 68608K, 9% used [0x00000000c0000000,0x00000000c065ff58,0x00000000c4300000)
 Metaspace       used 18403K, capacity 19358K, committed 19456K, reserved 1083392K
  class space    used 1684K, capacity 1982K, committed 2048K, reserved 1048576K
}
Event: 3.539 GC heap before
{Heap before GC invocations=7 (full 2):
 PSYoungGen      total 29696K, used 0K [0x00000000eab00000, 0x00000000ecc00000, 0x0000000100000000)
  eden space 25600K, 0% used [0x00000000eab00000,0x00000000eab00000,0x00000000ec400000)
  from space 4096K, 0% used [0x00000000ec800000,0x00000000ec800000,0x00000000ecc00000)
  to   space 4096K, 0% used [0x00000000ec400000,0x00000000ec400000,0x00000000ec800000)
 ParOldGen       total 68608K, used 6527K [0x00000000c0000000, 0x00000000c4300000, 0x00000000eab00000)
  object space 68608K, 9% used [0x00000000c0000000,0x00000000c065ff58,0x00000000c4300000)
 Metaspace       used 18403K, capacity 19358K, committed 19456K, reserved 1087488K
  class space    used 1684K, capacity 1982K, committed 2048K, reserved 1048576K
}
Event: 3.540 GC heap after
{Heap after GC invocations=7 (full 2):
 PSYoungGen      total 29696K, used 0K [0x00000000eab00000, 0x00000000ec880000, 0x0000000100000000)
  eden space 25600K, 0% used [0x00000000eab00000,0x00000000eab00000,0x00000000ec400000)
  from space 4096K, 0% used [0x00000000ec400000,0x00000000ec400000,0x00000000ec800000)
  to   space 512K, 0% used [0x00000000ec800000,0x00000000ec800000,0x00000000ec880000)
 ParOldGen       total 68608K, used 6527K [0x00000000c0000000, 0x00000000c4300000, 0x00000000eab00000)
  object space 68608K, 9% used [0x00000000c0000000,0x00000000c065ff58,0x00000000c4300000)
 Metaspace       used 18403K, capacity 19358K, committed 19456K, reserved 1087488K
  class space    used 1684K, capacity 1982K, committed 2048K, reserved 1048576K
}
Event: 3.540 GC heap before
{Heap before GC invocations=8 (full 3):
 PSYoungGen      total 29696K, used 0K [0x00000000eab00000, 0x00000000ec880000, 0x0000000100000000)
  eden space 25600K, 0% used [0x00000000eab00000,0x00000000eab00000,0x00000000ec400000)
  from space 4096K, 0% used [0x00000000ec400000,0x00000000ec400000,0x00000000ec800000)
  to   space 512K, 0% used [0x00000000ec800000,0x00000000ec800000,0x00000000ec880000)
 ParOldGen       total 68608K, used 6527K [0x00000000c0000000, 0x00000000c4300000, 0x00000000eab00000)
  object space 68608K, 9% used [0x00000000c0000000,0x00000000c065ff58,0x00000000c4300000)
 Metaspace       used 18403K, capacity 19358K, committed 19456K, reserved 1087488K
  class space    used 1684K, capacity 1982K, committed 2048K, reserved 1048576K
}
Event: 3.604 GC heap after
{Heap after GC invocations=8 (full 3):
 PSYoungGen      total 29696K, used 0K [0x00000000eab00000, 0x00000000ec880000, 0x0000000100000000)
  eden space 25600K, 0% used [0x00000000eab00000,0x00000000eab00000,0x00000000ec400000)
  from space 4096K, 0% used [0x00000000ec400000,0x00000000ec400000,0x00000000ec800000)
  to   space 512K, 0% used [0x00000000ec800000,0x00000000ec800000,0x00000000ec880000)
 ParOldGen       total 68608K, used 5843K [0x00000000c0000000, 0x00000000c4300000, 0x00000000eab00000)
  object space 68608K, 8% used [0x00000000c0000000,0x00000000c05b4e68,0x00000000c4300000)
 Metaspace       used 18353K, capacity 19282K, committed 19456K, reserved 1073152K
  class space    used 1672K, capacity 1958K, committed 2048K, reserved 1048576K
}
Event: 5.329 GC heap before
{Heap before GC invocations=9 (full 3):
 PSYoungGen      total 29696K, used 25600K [0x00000000eab00000, 0x00000000ec880000, 0x0000000100000000)
  eden space 25600K, 100% used [0x00000000eab00000,0x00000000ec400000,0x00000000ec400000)
  from space 4096K, 0% used [0x00000000ec400000,0x00000000ec400000,0x00000000ec800000)
  to   space 512K, 0% used [0x00000000ec800000,0x00000000ec800000,0x00000000ec880000)
 ParOldGen       total 68608K, used 5843K [0x00000000c0000000, 0x00000000c4300000, 0x00000000eab00000)
  object space 68608K, 8% used [0x00000000c0000000,0x00000000c05b4e68,0x00000000c4300000)
 Metaspace       used 23916K, capacity 25299K, committed 25344K, reserved 1077248K
  class space    used 2303K, capacity 2806K, committed 2816K, reserved 1048576K
}
Event: 5.337 GC heap after
{Heap after GC invocations=9 (full 3):
 PSYoungGen      total 25600K, used 494K [0x00000000eab00000, 0x00000000ecc80000, 0x0000000100000000)
  eden space 25088K, 0% used [0x00000000eab00000,0x00000000eab00000,0x00000000ec380000)
  from space 512K, 96% used [0x00000000ec800000,0x00000000ec87ba38,0x00000000ec880000)
  to   space 4608K, 0% used [0x00000000ec380000,0x00000000ec380000,0x00000000ec800000)
 ParOldGen       total 68608K, used 8841K [0x00000000c0000000, 0x00000000c4300000, 0x00000000eab00000)
  object space 68608K, 12% used [0x00000000c0000000,0x00000000c08a2780,0x00000000c4300000)
 Metaspace       used 23916K, capacity 25299K, committed 25344K, reserved 1077248K
  class space    used 2303K, capacity 2806K, committed 2816K, reserved 1048576K
}
Event: 5.649 GC heap before
{Heap before GC invocations=10 (full 3):
 PSYoungGen      total 25600K, used 25582K [0x00000000eab00000, 0x00000000ecc80000, 0x0000000100000000)
  eden space 25088K, 100% used [0x00000000eab00000,0x00000000ec380000,0x00000000ec380000)
  from space 512K, 96% used [0x00000000ec800000,0x00000000ec87ba38,0x00000000ec880000)
  to   space 4608K, 0% used [0x00000000ec380000,0x00000000ec380000,0x00000000ec800000)
 ParOldGen       total 68608K, used 8841K [0x00000000c0000000, 0x00000000c4300000, 0x00000000eab00000)
  object space 68608K, 12% used [0x00000000c0000000,0x00000000c08a2780,0x00000000c4300000)
 Metaspace       used 24618K, capacity 25958K, committed 26240K, reserved 1077248K
  class space    used 2384K, capacity 2876K, committed 2944K, reserved 1048576K
}
Event: 5.655 GC heap after
{Heap after GC invocations=10 (full 3):
 PSYoungGen      total 27648K, used 2586K [0x00000000eab00000, 0x00000000ec900000, 0x0000000100000000)
  eden space 24576K, 0% used [0x00000000eab00000,0x00000000eab00000,0x00000000ec300000)
  from space 3072K, 84% used [0x00000000ec380000,0x00000000ec606b40,0x00000000ec680000)
  to   space 2560K, 0% used [0x00000000ec680000,0x00000000ec680000,0x00000000ec900000)
 ParOldGen       total 68608K, used 8849K [0x00000000c0000000, 0x00000000c4300000, 0x00000000eab00000)
  object space 68608K, 12% used [0x00000000c0000000,0x00000000c08a4780,0x00000000c4300000)
 Metaspace       used 24618K, capacity 25958K, committed 26240K, reserved 1077248K
  class space    used 2384K, capacity 2876K, committed 2944K, reserved 1048576K
}
Event: 5.998 GC heap before
{Heap before GC invocations=11 (full 3):
 PSYoungGen      total 27648K, used 27162K [0x00000000eab00000, 0x00000000ec900000, 0x0000000100000000)
  eden space 24576K, 100% used [0x00000000eab00000,0x00000000ec300000,0x00000000ec300000)
  from space 3072K, 84% used [0x00000000ec380000,0x00000000ec606b40,0x00000000ec680000)
  to   space 2560K, 0% used [0x00000000ec680000,0x00000000ec680000,0x00000000ec900000)
 ParOldGen       total 68608K, used 8849K [0x00000000c0000000, 0x00000000c4300000, 0x00000000eab00000)
  object space 68608K, 12% used [0x00000000c0000000,0x00000000c08a4780,0x00000000c4300000)
 Metaspace       used 24651K, capacity 25958K, committed 26240K, reserved 1077248K
  class space    used 2384K, capacity 2876K, committed 2944K, reserved 1048576K
}
Event: 6.006 GC heap after
{Heap after GC invocations=11 (full 3):
 PSYoungGen      total 25600K, used 2554K [0x00000000eab00000, 0x00000000ecc80000, 0x0000000100000000)
  eden space 23040K, 0% used [0x00000000eab00000,0x00000000eab00000,0x00000000ec180000)
  from space 2560K, 99% used [0x00000000ec680000,0x00000000ec8feb40,0x00000000ec900000)
  to   space 5120K, 0% used [0x00000000ec180000,0x00000000ec180000,0x00000000ec680000)
 ParOldGen       total 68608K, used 10841K [0x00000000c0000000, 0x00000000c4300000, 0x00000000eab00000)
  object space 68608K, 15% used [0x00000000c0000000,0x00000000c0a96770,0x00000000c4300000)
 Metaspace       used 24651K, capacity 25958K, committed 26240K, reserved 1077248K
  class space    used 2384K, capacity 2876K, committed 2944K, reserved 1048576K
}
Event: 6.181 GC heap before
{Heap before GC invocations=12 (full 3):
 PSYoungGen      total 25600K, used 25594K [0x00000000eab00000, 0x00000000ecc80000, 0x0000000100000000)
  eden space 23040K, 100% used [0x00000000eab00000,0x00000000ec180000,0x00000000ec180000)
  from space 2560K, 99% used [0x00000000ec680000,0x00000000ec8feb40,0x00000000ec900000)
  to   space 5120K, 0% used [0x00000000ec180000,0x00000000ec180000,0x00000000ec680000)
 ParOldGen       total 68608K, used 10841K [0x00000000c0000000, 0x00000000c4300000, 0x00000000eab00000)
  object space 68608K, 15% used [0x00000000c0000000,0x00000000c0a96770,0x00000000c4300000)
 Metaspace       used 24730K, capacity 26022K, committed 26240K, reserved 1077248K
  class space    used 2388K, capacity 2876K, committed 2944K, reserved 1048576K
}
Event: 6.202 GC heap after
{Heap after GC invocations=12 (full 3):
 PSYoungGen      total 26624K, used 3968K [0x00000000eab00000, 0x00000000eca00000, 0x0000000100000000)
  eden space 22528K, 0% used [0x00000000eab00000,0x00000000eab00000,0x00000000ec100000)
  from space 4096K, 96% used [0x00000000ec180000,0x00000000ec560010,0x00000000ec580000)
  to   space 4608K, 0% used [0x00000000ec580000,0x00000000ec580000,0x00000000eca00000)
 ParOldGen       total 68608K, used 11237K [0x00000000c0000000, 0x00000000c4300000, 0x00000000eab00000)
  object space 68608K, 16% used [0x00000000c0000000,0x00000000c0af94c0,0x00000000c4300000)
 Metaspace       used 24730K, capacity 26022K, committed 26240K, reserved 1077248K
  class space    used 2388K, capacity 2876K, committed 2944K, reserved 1048576K
}
Event: 6.387 GC heap before
{Heap before GC invocations=13 (full 3):
 PSYoungGen      total 26624K, used 26496K [0x00000000eab00000, 0x00000000eca00000, 0x0000000100000000)
  eden space 22528K, 100% used [0x00000000eab00000,0x00000000ec100000,0x00000000ec100000)
  from space 4096K, 96% used [0x00000000ec180000,0x00000000ec560010,0x00000000ec580000)
  to   space 4608K, 0% used [0x00000000ec580000,0x00000000ec580000,0x00000000eca00000)
 ParOldGen       total 68608K, used 11237K [0x00000000c0000000, 0x00000000c4300000, 0x00000000eab00000)
  object space 68608K, 16% used [0x00000000c0000000,0x00000000c0af94c0,0x00000000c4300000)
 Metaspace       used 24775K, capacity 26086K, committed 26240K, reserved 1077248K
  class space    used 2397K, capacity 2876K, committed 2944K, reserved 1048576K
}
Event: 6.400 GC heap after
{Heap after GC invocations=13 (full 3):
 PSYoungGen      total 26624K, used 4096K [0x00000000eab00000, 0x00000000eca00000, 0x0000000100000000)
  eden space 22016K, 0% used [0x00000000eab00000,0x00000000eab00000,0x00000000ec080000)
  from space 4608K, 88% used [0x00000000ec580000,0x00000000ec980010,0x00000000eca00000)
  to   space 4608K, 0% used [0x00000000ec100000,0x00000000ec100000,0x00000000ec580000)
 ParOldGen       total 68608K, used 13421K [0x00000000c0000000, 0x00000000c4300000, 0x00000000eab00000)
  object space 68608K, 19% used [0x00000000c0000000,0x00000000c0d1b4d0,0x00000000c4300000)
 Metaspace       used 24775K, capacity 26086K, committed 26240K, reserved 1077248K
  class space    used 2397K, capacity 2876K, committed 2944K, reserved 1048576K
}
Event: 6.565 GC heap before
{Heap before GC invocations=14 (full 3):
 PSYoungGen      total 26624K, used 26112K [0x00000000eab00000, 0x00000000eca00000, 0x0000000100000000)
  eden space 22016K, 100% used [0x00000000eab00000,0x00000000ec080000,0x00000000ec080000)
  from space 4608K, 88% used [0x00000000ec580000,0x00000000ec980010,0x00000000eca00000)
  to   space 4608K, 0% used [0x00000000ec100000,0x00000000ec100000,0x00000000ec580000)
 ParOldGen       total 68608K, used 13421K [0x00000000c0000000, 0x00000000c4300000, 0x00000000eab00000)
  object space 68608K, 19% used [0x00000000c0000000,0x00000000c0d1b4d0,0x00000000c4300000)
 Metaspace       used 24776K, capacity 26086K, committed 26240K, reserved 1077248K
  class space    used 2397K, capacity 2876K, committed 2944K, reserved 1048576K
}

Deoptimization events (20 events):
Event: 6.311 Thread 0x0000020b40e5f800 Uncommon trap: trap_request=0xffffffbe fr.pc=0x0000020b34bf9a60 relative=0x0000000000000620
Event: 6.311 Thread 0x0000020b40e5f800 Uncommon trap: reason=profile_predicate action=maybe_recompile pc=0x0000020b34bf9a60 method=org.eclipse.jdt.internal.core.util.HashtableOfArrayToObject.getKey([Ljava/lang/Object;I)[Ljava/lang/Object; @ 61 c2
Event: 6.311 Thread 0x0000020b40e5f800 DEOPT PACKING pc=0x0000020b34bf9a60 sp=0x00000030d8cfe800
Event: 6.311 Thread 0x0000020b40e5f800 DEOPT UNPACKING pc=0x0000020b2d05912f sp=0x00000030d8cfe7b0 mode 2
Event: 6.312 Thread 0x0000020b40e5f800 Uncommon trap: trap_request=0xffffffbe fr.pc=0x0000020b34bf9a60 relative=0x0000000000000620
Event: 6.312 Thread 0x0000020b40e5f800 Uncommon trap: reason=profile_predicate action=maybe_recompile pc=0x0000020b34bf9a60 method=org.eclipse.jdt.internal.core.util.HashtableOfArrayToObject.getKey([Ljava/lang/Object;I)[Ljava/lang/Object; @ 61 c2
Event: 6.312 Thread 0x0000020b40e5f800 DEOPT PACKING pc=0x0000020b34bf9a60 sp=0x00000030d8cfe800
Event: 6.312 Thread 0x0000020b40e5f800 DEOPT UNPACKING pc=0x0000020b2d05912f sp=0x00000030d8cfe7b0 mode 2
Event: 6.318 Thread 0x0000020b40e5f800 Uncommon trap: trap_request=0xffffffbe fr.pc=0x0000020b34bfa904 relative=0x0000000000000644
Event: 6.319 Thread 0x0000020b40e5f800 Uncommon trap: reason=profile_predicate action=maybe_recompile pc=0x0000020b34bfa904 method=org.eclipse.jdt.internal.core.util.HashtableOfArrayToObject.get([Ljava/lang/Object;)Ljava/lang/Object; @ 64 c2
Event: 6.319 Thread 0x0000020b40e5f800 DEOPT PACKING pc=0x0000020b34bfa904 sp=0x00000030d8cfe880
Event: 6.319 Thread 0x0000020b40e5f800 DEOPT UNPACKING pc=0x0000020b2d05912f sp=0x00000030d8cfe830 mode 2
Event: 6.321 Thread 0x0000020b40e5f800 Uncommon trap: trap_request=0xffffffbe fr.pc=0x0000020b34bfa904 relative=0x0000000000000644
Event: 6.321 Thread 0x0000020b40e5f800 Uncommon trap: reason=profile_predicate action=maybe_recompile pc=0x0000020b34bfa904 method=org.eclipse.jdt.internal.core.util.HashtableOfArrayToObject.get([Ljava/lang/Object;)Ljava/lang/Object; @ 64 c2
Event: 6.321 Thread 0x0000020b40e5f800 DEOPT PACKING pc=0x0000020b34bfa904 sp=0x00000030d8cfe880
Event: 6.321 Thread 0x0000020b40e5f800 DEOPT UNPACKING pc=0x0000020b2d05912f sp=0x00000030d8cfe830 mode 2
Event: 6.322 Thread 0x0000020b40e5f800 Uncommon trap: trap_request=0xffffffbe fr.pc=0x0000020b34bfa904 relative=0x0000000000000644
Event: 6.322 Thread 0x0000020b40e5f800 Uncommon trap: reason=profile_predicate action=maybe_recompile pc=0x0000020b34bfa904 method=org.eclipse.jdt.internal.core.util.HashtableOfArrayToObject.get([Ljava/lang/Object;)Ljava/lang/Object; @ 64 c2
Event: 6.322 Thread 0x0000020b40e5f800 DEOPT PACKING pc=0x0000020b34bfa904 sp=0x00000030d8cfe880
Event: 6.322 Thread 0x0000020b40e5f800 DEOPT UNPACKING pc=0x0000020b2d05912f sp=0x00000030d8cfe830 mode 2

Classes unloaded (20 events):
Event: 3.545 Thread 0x0000020b3eb90800 Unloading class 0x0000000800cc5440 'java/lang/invoke/LambdaForm$MH'
Event: 3.545 Thread 0x0000020b3eb90800 Unloading class 0x0000000800cc5040 'java/lang/invoke/LambdaForm$MH'
Event: 3.545 Thread 0x0000020b3eb90800 Unloading class 0x0000000800c7c840 'java/lang/invoke/LambdaForm$MH'
Event: 3.545 Thread 0x0000020b3eb90800 Unloading class 0x0000000800c7d040 'java/lang/invoke/LambdaForm$MH'
Event: 3.545 Thread 0x0000020b3eb90800 Unloading class 0x0000000800c7dc40 'java/lang/invoke/LambdaForm$MH'
Event: 3.545 Thread 0x0000020b3eb90800 Unloading class 0x0000000800c7d840 'java/lang/invoke/LambdaForm$MH'
Event: 3.545 Thread 0x0000020b3eb90800 Unloading class 0x0000000800c7e440 'java/lang/invoke/LambdaForm$MH'
Event: 3.545 Thread 0x0000020b3eb90800 Unloading class 0x0000000800c7e040 'java/lang/invoke/LambdaForm$MH'
Event: 3.545 Thread 0x0000020b3eb90800 Unloading class 0x0000000800c7ec40 'java/lang/invoke/LambdaForm$MH'
Event: 3.545 Thread 0x0000020b3eb90800 Unloading class 0x0000000800c7f440 'java/lang/invoke/LambdaForm$MH'
Event: 3.545 Thread 0x0000020b3eb90800 Unloading class 0x0000000800c7f040 'java/lang/invoke/LambdaForm$MH'
Event: 3.545 Thread 0x0000020b3eb90800 Unloading class 0x0000000800bdf040 'jdk/internal/reflect/GeneratedConstructorAccessor2'
Event: 3.545 Thread 0x0000020b3eb90800 Unloading class 0x0000000800baa840 'jdk/internal/reflect/GeneratedMethodAccessor5'
Event: 3.545 Thread 0x0000020b3eb90800 Unloading class 0x0000000800bab440 'jdk/internal/reflect/GeneratedMethodAccessor4'
Event: 3.545 Thread 0x0000020b3eb90800 Unloading class 0x0000000800bab040 'jdk/internal/reflect/GeneratedMethodAccessor3'
Event: 3.546 Thread 0x0000020b3eb90800 Unloading class 0x0000000800babc40 'jdk/internal/reflect/GeneratedMethodAccessor2'
Event: 3.546 Thread 0x0000020b3eb90800 Unloading class 0x0000000800bab840 'jdk/internal/reflect/GeneratedMethodAccessor1'
Event: 3.546 Thread 0x0000020b3eb90800 Unloading class 0x0000000800badc40 'java/lang/invoke/LambdaForm$DMH'
Event: 3.546 Thread 0x0000020b3eb90800 Unloading class 0x0000000800bae040 'java/lang/invoke/LambdaForm$DMH'
Event: 3.546 Thread 0x0000020b3eb90800 Unloading class 0x0000000800ba7440 'jdk/internal/reflect/GeneratedConstructorAccessor1'

Classes redefined (0 events):
No events

Internal exceptions (20 events):
Event: 1.326 Thread 0x0000020b24b0f800 Implicit null exception at 0x0000020b34b0036b to 0x0000020b34b00cee
Event: 1.449 Thread 0x0000020b24b0f800 Exception <a 'java/lang/NoSuchMethodError'{0x00000000eb9798c0}: 'int java.lang.invoke.DirectMethodHandle$Holder.invokeSpecialIFC(java.lang.Object, java.lang.Object, int)'> (0x00000000eb9798c0) 
thrown [t:/workspace/open/src/hotspot/share/interpreter/linkResolver.cpp, line 767]
Event: 1.641 Thread 0x0000020b24b0f800 Exception <a 'java/lang/NoSuchMethodError'{0x00000000ebc3bab0}: 'int java.lang.invoke.DirectMethodHandle$Holder.invokeStaticInit(java.lang.Object, java.lang.Object, java.lang.Object, java.lang.Object)'> (0x00000000ebc3bab0) 
thrown [t:/workspace/open/src/hotspot/share/interpreter/linkResolver.cpp, line 767]
Event: 1.643 Thread 0x0000020b24b0f800 Exception <a 'java/lang/IncompatibleClassChangeError'{0x00000000ebc45030}: Found class java.lang.Object, but interface was expected> (0x00000000ebc45030) 
thrown [t:/workspace/open/src/hotspot/share/interpreter/linkResolver.cpp, line 833]
Event: 1.644 Thread 0x0000020b24b0f800 Exception <a 'java/lang/NoSuchMethodError'{0x00000000ebc48108}: 'void java.lang.invoke.DirectMethodHandle$Holder.invokeStaticInit(java.lang.Object, java.lang.Object)'> (0x00000000ebc48108) 
thrown [t:/workspace/open/src/hotspot/share/interpreter/linkResolver.cpp, line 767]
Event: 1.645 Thread 0x0000020b24b0f800 Exception <a 'java/lang/NoSuchMethodError'{0x00000000ebc4cfc8}: 'int java.lang.invoke.DirectMethodHandle$Holder.invokeStaticInit(java.lang.Object, java.lang.Object)'> (0x00000000ebc4cfc8) 
thrown [t:/workspace/open/src/hotspot/share/interpreter/linkResolver.cpp, line 767]
Event: 1.925 Thread 0x0000020b40265000 Implicit null exception at 0x0000020b34b0c798 to 0x0000020b34b0c84a
Event: 1.930 Thread 0x0000020b24b0f800 Exception <a 'java/lang/UnsatisfiedLinkError'{0x00000000ec13aea8}: 'void org.eclipse.equinox.launcher.JNIBridge._update_splash()'> (0x00000000ec13aea8) 
thrown [t:/workspace/open/src/hotspot/share/prims/nativeLookup.cpp, line 387]
Event: 2.124 Thread 0x0000020b4026c000 Exception <a 'java/io/FileNotFoundException'{0x00000000ec3f06b0}> (0x00000000ec3f06b0) 
thrown [t:/workspace/open/src/hotspot/share/prims/jni.cpp, line 598]
Event: 2.504 Thread 0x0000020b4026c000 Exception <a 'java/io/FileNotFoundException'{0x00000000eb0dbb30}> (0x00000000eb0dbb30) 
thrown [t:/workspace/open/src/hotspot/share/prims/jni.cpp, line 598]
Event: 2.813 Thread 0x0000020b4026c000 Exception <a 'java/lang/NoSuchMethodError'{0x00000000eb44ff30}: 'int java.lang.invoke.DirectMethodHandle$Holder.invokeStaticInit(java.lang.Object, java.lang.Object, java.lang.Object)'> (0x00000000eb44ff30) 
thrown [t:/workspace/open/src/hotspot/share/interpreter/linkResolver.cpp, line 767]
Event: 3.393 Thread 0x0000020b4026c000 Exception <a 'java/lang/ClassNotFoundException'{0x00000000eab0b850}: com/sun/org/apache/xerces/internal/impl/msg/spi/DOMMessagesProvider> (0x00000000eab0b850) 
thrown [t:/workspace/open/src/hotspot/share/classfile/systemDictionary.cpp, line 232]
Event: 3.399 Thread 0x0000020b4026c000 Exception <a 'java/lang/ClassNotFoundException'{0x00000000eab1fe80}: com/sun/org/apache/xerces/internal/impl/msg/spi/XMLSerializerMessagesProvider> (0x00000000eab1fe80) 
thrown [t:/workspace/open/src/hotspot/share/classfile/systemDictionary.cpp, line 232]
Event: 3.400 Thread 0x0000020b4026c000 Exception <a 'java/lang/ClassNotFoundException'{0x00000000eab2b610}: com/sun/org/apache/xerces/internal/impl/msg/spi/XMLMessagesProvider> (0x00000000eab2b610) 
thrown [t:/workspace/open/src/hotspot/share/classfile/systemDictionary.cpp, line 232]
Event: 3.614 Thread 0x0000020b4026c000 Exception <a 'java/io/FileNotFoundException'{0x00000000eab37290}> (0x00000000eab37290) 
thrown [t:/workspace/open/src/hotspot/share/prims/jni.cpp, line 598]
Event: 4.182 Thread 0x0000020b4026c000 Exception <a 'java/lang/ClassNotFoundException'{0x00000000eac6b060}: com/sun/org/apache/xml/internal/serializer/spi/XMLEntitiesProvider> (0x00000000eac6b060) 
thrown [t:/workspace/open/src/hotspot/share/classfile/systemDictionary.cpp, line 232]
Event: 4.629 Thread 0x0000020b24b0f800 Exception <a 'java/lang/NoSuchMethodError'{0x00000000eb365420}: 'void java.lang.invoke.DirectMethodHandle$Holder.invokeStatic(java.lang.Object, java.lang.Object, java.lang.Object, java.lang.Object)'> (0x00000000eb365420) 
thrown [t:/workspace/open/src/hotspot/share/interpreter/linkResolver.cpp, line 767]
Event: 4.923 Thread 0x0000020b4105a800 Exception <a 'java/io/FileNotFoundException'{0x00000000eb800458}> (0x00000000eb800458) 
thrown [t:/workspace/open/src/hotspot/share/prims/jni.cpp, line 598]
Event: 5.487 Thread 0x0000020b40e5f800 Exception <a 'java/io/FileNotFoundException'{0x00000000eb3e29b8}> (0x00000000eb3e29b8) 
thrown [t:/workspace/open/src/hotspot/share/prims/jni.cpp, line 598]
Event: 5.488 Thread 0x0000020b40e5f800 Exception <a 'java/io/FileNotFoundException'{0x00000000eb3e4760}> (0x00000000eb3e4760) 
thrown [t:/workspace/open/src/hotspot/share/prims/jni.cpp, line 598]

Events (20 events):
Event: 5.475 loading class org/eclipse/core/runtime/content/IContentType done
Event: 5.476 loading class org/eclipse/core/runtime/content/IContentType
Event: 5.476 loading class org/eclipse/core/runtime/content/IContentType done
Event: 5.478 loading class org/eclipse/core/runtime/content/IContentType
Event: 5.478 loading class org/eclipse/core/runtime/content/IContentType done
Event: 5.488 loading class org/eclipse/core/runtime/preferences/IEclipsePreferences
Event: 5.488 loading class org/eclipse/core/runtime/preferences/IEclipsePreferences done
Event: 5.488 loading class org/eclipse/core/runtime/preferences/IEclipsePreferences
Event: 5.488 loading class org/eclipse/core/runtime/preferences/IEclipsePreferences done
Event: 5.488 loading class org/eclipse/core/runtime/preferences/IEclipsePreferences
Event: 5.488 loading class org/eclipse/core/runtime/preferences/IEclipsePreferences done
Event: 5.649 Executing VM operation: ParallelGCFailedAllocation
Event: 5.655 Executing VM operation: ParallelGCFailedAllocation done
Event: 5.997 Executing VM operation: ParallelGCFailedAllocation
Event: 6.006 Executing VM operation: ParallelGCFailedAllocation done
Event: 6.181 Executing VM operation: ParallelGCFailedAllocation
Event: 6.202 Executing VM operation: ParallelGCFailedAllocation done
Event: 6.387 Executing VM operation: ParallelGCFailedAllocation
Event: 6.400 Executing VM operation: ParallelGCFailedAllocation done
Event: 6.565 Executing VM operation: ParallelGCFailedAllocation


Dynamic libraries:
0x00007ff738b20000 - 0x00007ff738b2f000 	C:\Program Files\Java\jdk-13.0.2\bin\java.exe
0x00007ffb34a40000 - 0x00007ffb34c30000 	C:\WINDOWS\SYSTEM32\ntdll.dll
0x00007ffb33270000 - 0x00007ffb33322000 	C:\WINDOWS\System32\KERNEL32.DLL
0x00007ffb32510000 - 0x00007ffb327b3000 	C:\WINDOWS\System32\KERNELBASE.dll
0x00007ffb327c0000 - 0x00007ffb328ba000 	C:\WINDOWS\System32\ucrtbase.dll
0x00007ffb226c0000 - 0x00007ffb226d8000 	C:\Program Files\Java\jdk-13.0.2\bin\jli.dll
0x00007ffb21cd0000 - 0x00007ffb21ce5000 	C:\Program Files\Java\jdk-13.0.2\bin\VCRUNTIME140.dll
0x00007ffb336b0000 - 0x00007ffb33753000 	C:\WINDOWS\System32\ADVAPI32.dll
0x00007ffb347e0000 - 0x00007ffb3487e000 	C:\WINDOWS\System32\msvcrt.dll
0x00007ffb32d00000 - 0x00007ffb32d97000 	C:\WINDOWS\System32\sechost.dll
0x00007ffb34250000 - 0x00007ffb34370000 	C:\WINDOWS\System32\RPCRT4.dll
0x00007ffb340b0000 - 0x00007ffb34244000 	C:\WINDOWS\System32\USER32.dll
0x00007ffb32150000 - 0x00007ffb32171000 	C:\WINDOWS\System32\win32u.dll
0x00007ffb33680000 - 0x00007ffb336a6000 	C:\WINDOWS\System32\GDI32.dll
0x00007ffb32370000 - 0x00007ffb32504000 	C:\WINDOWS\System32\gdi32full.dll
0x00007ffb322d0000 - 0x00007ffb3236e000 	C:\WINDOWS\System32\msvcp_win.dll
0x00007ffb23e30000 - 0x00007ffb240b5000 	C:\WINDOWS\WinSxS\amd64_microsoft.windows.common-controls_6595b64144ccf1df_6.0.18362.778_none_e6c6b761130d4fb8\COMCTL32.dll
0x00007ffb32f00000 - 0x00007ffb33236000 	C:\WINDOWS\System32\combase.dll
0x00007ffb2a360000 - 0x00007ffb2a36a000 	C:\WINDOWS\SYSTEM32\VERSION.dll
0x00007ffb32920000 - 0x00007ffb329a0000 	C:\WINDOWS\System32\bcryptPrimitives.dll
0x00007ffb33240000 - 0x00007ffb3326e000 	C:\WINDOWS\System32\IMM32.DLL
0x00007ffb0d5b0000 - 0x00007ffb0d64b000 	C:\Program Files\Java\jdk-13.0.2\bin\msvcp140.dll
0x00007ffaf5320000 - 0x00007ffaf5e7d000 	C:\Program Files\Java\jdk-13.0.2\bin\server\jvm.dll
0x00007ffb32e80000 - 0x00007ffb32e88000 	C:\WINDOWS\System32\PSAPI.DLL
0x00007ffb2d550000 - 0x00007ffb2d559000 	C:\WINDOWS\SYSTEM32\WSOCK32.dll
0x00007ffb335f0000 - 0x00007ffb3365f000 	C:\WINDOWS\System32\WS2_32.dll
0x00007ffb2f8f0000 - 0x00007ffb2f914000 	C:\WINDOWS\SYSTEM32\WINMM.dll
0x00007ffb2f8c0000 - 0x00007ffb2f8ed000 	C:\WINDOWS\SYSTEM32\WINMMBASE.dll
0x00007ffb32180000 - 0x00007ffb321ca000 	C:\WINDOWS\System32\cfgmgr32.dll
0x00007ffb31930000 - 0x00007ffb31941000 	C:\WINDOWS\System32\kernel.appcore.dll
0x00007ffb2db50000 - 0x00007ffb2db60000 	C:\Program Files\Java\jdk-13.0.2\bin\verify.dll
0x00007ffb2c270000 - 0x00007ffb2c464000 	C:\WINDOWS\SYSTEM32\DBGHELP.DLL
0x00007ffb1d2f0000 - 0x00007ffb1d31a000 	C:\WINDOWS\SYSTEM32\dbgcore.DLL
0x00007ffb0f7f0000 - 0x00007ffb0f816000 	C:\Program Files\Java\jdk-13.0.2\bin\java.dll
0x00007ffb1ab40000 - 0x00007ffb1ab57000 	C:\Program Files\Java\jdk-13.0.2\bin\zip.dll
0x00007ffb26b40000 - 0x00007ffb26b4a000 	C:\Program Files\Java\jdk-13.0.2\bin\jimage.dll
0x00007ffb337c0000 - 0x00007ffb33ea5000 	C:\WINDOWS\System32\SHELL32.dll
0x00007ffb34880000 - 0x00007ffb34929000 	C:\WINDOWS\System32\shcore.dll
0x00007ffb319d0000 - 0x00007ffb32150000 	C:\WINDOWS\System32\windows.storage.dll
0x00007ffb31950000 - 0x00007ffb31973000 	C:\WINDOWS\System32\profapi.dll
0x00007ffb31980000 - 0x00007ffb319ca000 	C:\WINDOWS\System32\powrprof.dll
0x00007ffb31900000 - 0x00007ffb31910000 	C:\WINDOWS\System32\UMPDC.dll
0x00007ffb32ca0000 - 0x00007ffb32cf2000 	C:\WINDOWS\System32\shlwapi.dll
0x00007ffb322b0000 - 0x00007ffb322c7000 	C:\WINDOWS\System32\cryptsp.dll
0x00007ffb1a730000 - 0x00007ffb1a749000 	C:\Program Files\Java\jdk-13.0.2\bin\net.dll
0x00007ffb24140000 - 0x00007ffb24230000 	C:\WINDOWS\SYSTEM32\WINHTTP.dll
0x00007ffb31170000 - 0x00007ffb311d7000 	C:\WINDOWS\system32\mswsock.dll
0x00007ffb16ca0000 - 0x00007ffb16cb3000 	C:\Program Files\Java\jdk-13.0.2\bin\nio.dll
0x00007ffb30ce0000 - 0x00007ffb30d13000 	C:\WINDOWS\system32\rsaenh.dll
0x00007ffb32280000 - 0x00007ffb322a6000 	C:\WINDOWS\System32\bcrypt.dll
0x00007ffb317f0000 - 0x00007ffb31815000 	C:\WINDOWS\SYSTEM32\USERENV.dll
0x00007ffb31340000 - 0x00007ffb3134c000 	C:\WINDOWS\SYSTEM32\CRYPTBASE.dll
0x00007ffb30e80000 - 0x00007ffb30eba000 	C:\WINDOWS\SYSTEM32\IPHLPAPI.DLL
0x00007ffb335e0000 - 0x00007ffb335e8000 	C:\WINDOWS\System32\NSI.dll
0x00007ffb28f60000 - 0x00007ffb28f76000 	C:\WINDOWS\SYSTEM32\dhcpcsvc6.DLL
0x00007ffb29930000 - 0x00007ffb2994c000 	C:\WINDOWS\SYSTEM32\dhcpcsvc.DLL
0x00007ffb30f10000 - 0x00007ffb30fda000 	C:\WINDOWS\SYSTEM32\DNSAPI.dll
0x00007ffb0f5e0000 - 0x00007ffb0f609000 	C:\Users\admin\AppData\Roaming\Code\User\globalStorage\redhat.java\0.61.0\config_ss_win\org.eclipse.equinox.launcher\org.eclipse.equinox.launcher.win32.win32.x86_64_1.1.1100.v20190907-0426\eclipse_1902.dll

dbghelp: loaded successfully - version: 4.0.5 - missing functions: none
symbol engine: initialized successfully - sym options: 0x614 - pdb path: .;C:\Program Files\Java\jdk-13.0.2\bin;C:\WINDOWS\SYSTEM32;C:\WINDOWS\WinSxS\amd64_microsoft.windows.common-controls_6595b64144ccf1df_6.0.18362.778_none_e6c6b761130d4fb8;C:\Program Files\Java\jdk-13.0.2\bin\server;C:\Users\admin\AppData\Roaming\Code\User\globalStorage\redhat.java\0.61.0\config_ss_win\org.eclipse.equinox.launcher\org.eclipse.equinox.launcher.win32.win32.x86_64_1.1.1100.v20190907-0426

VM Arguments:
jvm_args: --add-modules=ALL-SYSTEM --add-opens=java.base/java.util=ALL-UNNAMED --add-opens=java.base/java.lang=ALL-UNNAMED -Declipse.application=org.eclipse.jdt.ls.core.id1 -Dosgi.bundles.defaultStartLevel=4 -Declipse.product=org.eclipse.jdt.ls.core.product -Dfile.encoding=utf8 -DwatchParentProcess=false -XX:+UseParallelGC -XX:GCTimeRatio=4 -XX:AdaptiveSizePolicyWeight=90 -Dsun.zip.disableMemoryMapping=true -Xmx1G -Xms100m 
java_command: c:\Users\admin\.vscode\extensions\redhat.java-0.61.0\server\plugins\org.eclipse.equinox.launcher_1.5.700.v20200207-2156.jar -configuration c:\Users\admin\AppData\Roaming\Code\User\globalStorage\redhat.java\0.61.0\config_ss_win -data c:\Users\admin\AppData\Roaming\Code\User\workspaceStorage\077ad5276b704709ee4e8f33274168f8\redhat.java\ss_ws
java_class_path (initial): c:\Users\admin\.vscode\extensions\redhat.java-0.61.0\server\plugins\org.eclipse.equinox.launcher_1.5.700.v20200207-2156.jar
Launcher Type: SUN_STANDARD

[Global flags]
    uintx AdaptiveSizePolicyWeight                 = 90                                        {product} {command line}
     intx CICompilerCount                          = 3                                         {product} {ergonomic}
    uintx GCTimeRatio                              = 4                                         {product} {command line}
   size_t InitialHeapSize                          = 104857600                                 {product} {command line}
   size_t MaxHeapSize                              = 1073741824                                {product} {command line}
   size_t MaxNewSize                               = 357564416                                 {product} {ergonomic}
   size_t MinHeapDeltaBytes                        = 524288                                    {product} {ergonomic}
   size_t MinHeapSize                              = 104857600                                 {product} {command line}
   size_t NewSize                                  = 34603008                                  {product} {ergonomic}
    uintx NonNMethodCodeHeapSize                   = 5832780                                {pd product} {ergonomic}
    uintx NonProfiledCodeHeapSize                  = 122912730                              {pd product} {ergonomic}
   size_t OldSize                                  = 70254592                                  {product} {ergonomic}
    uintx ProfiledCodeHeapSize                     = 122912730                              {pd product} {ergonomic}
    uintx ReservedCodeCacheSize                    = 251658240                              {pd product} {ergonomic}
     bool SegmentedCodeCache                       = true                                      {product} {ergonomic}
   size_t SoftMaxHeapSize                          = 1073741824                             {manageable} {ergonomic}
     bool UseCompressedClassPointers               = true                                 {lp64_product} {ergonomic}
     bool UseCompressedOops                        = true                                 {lp64_product} {ergonomic}
     bool UseLargePagesIndividualAllocation        = false                                  {pd product} {ergonomic}
     bool UseParallelGC                            = true                                      {product} {command line}

Logging:
Log output configuration:
 #0: stdout all=warning uptime,level,tags
 #1: stderr all=off uptime,level,tags

Environment Variables:
PATH=C:\Python38\Scripts\;C:\Python38\;C:\Program Files (x86)\Common Files\Oracle\Java\javapath;C:\ProgramData\Oracle\Java\javapath;C:\WINDOWS\system32;C:\WINDOWS;C:\WINDOWS\System32\Wbem;C:\WINDOWS\System32\WindowsPowerShell\v1.0\;C:\Program Files (x86)\Skype\Phone\;C:\WINDOWS\System32\OpenSSH\;C:\Program Files\Intel\WiFi\bin\;C:\Program Files\Common Files\Intel\WirelessCommon\;C:\Program Files\Git\cmd;C:\ProgramData\chocolatey\bin;C:\Users\admin\Win2020\NPM\;C:\Users\admin\AppData\Local\Microsoft\WindowsApps;C:\Program Files\Intel\WiFi\bin\;C:\Program Files\Common Files\Intel\WirelessCommon\;C:\Users\admin\AppData\Local\Programs\Microsoft VS Code\bin;C:\Users\admin\AppData\Local\GitHubDesktop\bin;C:\Users\admin\AppData\Roaming\npm
USERNAME=admin
OS=Windows_NT
PROCESSOR_IDENTIFIER=Intel64 Family 6 Model 61 Stepping 4, GenuineIntel



---------------  S Y S T E M  ---------------

OS: Windows 10 , 64 bit Build 18362 (10.0.18362.778)

CPU:total 4 (initial active 4) (2 cores per cpu, 2 threads per core) family 6 model 61 stepping 4, cmov, cx8, fxsr, mmx, sse, sse2, sse3, ssse3, sse4.1, sse4.2, popcnt, avx, avx2, aes, clmul, erms, rtm, 3dnowpref, lzcnt, ht, tsc, tscinvbit, bmi1, bmi2, adx, fma

Memory: 4k page, system-wide physical 8080M (1540M free)
TotalPageFile size 10128M (AvailPageFile size 7M)
current process WorkingSet (physical memory assigned to process): 142M, peak: 145M
current process commit charge ("private bytes"): 232M, peak: 239M

vm_info: Java HotSpot(TM) 64-Bit Server VM (13.0.2+8) for windows-amd64 JRE (13.0.2+8), built on Dec 11 2019 09:20:33 by "mach5one" with unknown MS VC++:1916

END.
