#
# There is insufficient memory for the Java Runtime Environment to continue.
# Native memory allocation (malloc) failed to allocate 229008 bytes for Chunk::new
# Possible reasons:
#   The system is out of physical RAM or swap space
#   The process is running with CompressedOops enabled, and the Java Heap may be blocking the growth of the native heap
# Possible solutions:
#   Reduce memory load on the system
#   Increase physical memory or swap space
#   Check if swap backing store is full
#   Decrease Java heap size (-Xmx/-Xms)
#   Decrease number of Java threads
#   Decrease Java thread stack sizes (-Xss)
#   Set larger code cache with -XX:ReservedCodeCacheSize=
#   JVM is running with Unscaled Compressed Oops mode in which the Java heap is
#     placed in the first 4GB address space. The Java Heap base address is the
#     maximum limit for the native heap growth. Please use -XX:HeapBaseMinAddress
#     to set the Java Heap base and to place the Java Heap above 4GB virtual address.
# This output file may be truncated or incomplete.
#
#  Out of Memory Error (t:/workspace/open/src/hotspot/share/memory/arena.cpp:196), pid=14392, tid=5484
#
# JRE version: Java(TM) SE Runtime Environment (13.0.2+8) (build 13.0.2+8)
# Java VM: Java HotSpot(TM) 64-Bit Server VM (13.0.2+8, mixed mode, sharing, tiered, compressed oops, parallel gc, windows-amd64)
# No core dump will be written. Minidumps are not enabled by default on client versions of Windows
#

---------------  S U M M A R Y ------------

Command Line: --add-modules=ALL-SYSTEM --add-opens=java.base/java.util=ALL-UNNAMED --add-opens=java.base/java.lang=ALL-UNNAMED -Declipse.application=org.eclipse.jdt.ls.core.id1 -Dosgi.bundles.defaultStartLevel=4 -Declipse.product=org.eclipse.jdt.ls.core.product -Dfile.encoding=utf8 -DwatchParentProcess=false -XX:+UseParallelGC -XX:GCTimeRatio=4 -XX:AdaptiveSizePolicyWeight=90 -Dsun.zip.disableMemoryMapping=true -Xmx1G -Xms100m c:\Users\admin\.vscode\extensions\redhat.java-0.61.0\server\plugins\org.eclipse.equinox.launcher_1.5.700.v20200207-2156.jar -configuration c:\Users\admin\AppData\Roaming\Code\User\globalStorage\redhat.java\0.61.0\config_win -data c:\Users\admin\AppData\Roaming\Code\User\workspaceStorage\077ad5276b704709ee4e8f33274168f8\redhat.java\jdt_ws

Host: Intel(R) Core(TM) i5-5300U CPU @ 2.30GHz, 4 cores, 7G,  Windows 10 , 64 bit Build 18362 (10.0.18362.778)
Time: Tue May 12 10:02:07 2020 Eastern Daylight Time elapsed time: 3 seconds (0d 0h 0m 3s)

---------------  T H R E A D  ---------------

Current thread (0x000001beebd51000):  JavaThread "C2 CompilerThread0" daemon [_thread_in_native, id=5484, stack(0x00000023c8000000,0x00000023c8100000)]


Current CompileTask:
C2:   3791 2002       4       java.util.TreeMap::put (247 bytes)

Stack: [0x00000023c8000000,0x00000023c8100000]
Native frames: (J=compiled Java code, j=interpreted, Vv=VM code, C=native code)
V  [jvm.dll+0x624f9a]
V  [jvm.dll+0x770cfa]
V  [jvm.dll+0x7724af]
V  [jvm.dll+0x772ab3]
V  [jvm.dll+0x24bf08]
V  [jvm.dll+0xc1e47]
V  [jvm.dll+0xc23cc]
V  [jvm.dll+0x35c0c5]
V  [jvm.dll+0x327803]
V  [jvm.dll+0x326bda]
V  [jvm.dll+0x205c27]
V  [jvm.dll+0x204e3f]
V  [jvm.dll+0x189c2c]
V  [jvm.dll+0x213e6d]
V  [jvm.dll+0x2120bb]
V  [jvm.dll+0x736bb6]
V  [jvm.dll+0x72fcaa]
V  [jvm.dll+0x623ea6]
C  [ucrtbase.dll+0x20e72]
C  [KERNEL32.DLL+0x17bd4]
C  [ntdll.dll+0x6ce51]


---------------  P R O C E S S  ---------------

Threads class SMR info:
_java_thread_list=0x000001beedf7edd0, length=18, elements={
0x000001bed1cbf800, 0x000001bed1d7d000, 0x000001bed1d80800, 0x000001beebd48800,
0x000001beebd4b800, 0x000001beebd51000, 0x000001beebd4f000, 0x000001beebd68800,
0x000001bed1d5f800, 0x000001beecfce800, 0x000001beed6e3800, 0x000001beed4df000,
0x000001beed4e5800, 0x000001beedd1e000, 0x000001beed888800, 0x000001beee08f800,
0x000001beee065800, 0x000001beee2c8800
}

Java Threads: ( => current thread )
  0x000001bed1cbf800 JavaThread "main" [_thread_blocked, id=14964, stack(0x00000023c7900000,0x00000023c7a00000)]
  0x000001bed1d7d000 JavaThread "Reference Handler" daemon [_thread_blocked, id=12256, stack(0x00000023c7c00000,0x00000023c7d00000)]
  0x000001bed1d80800 JavaThread "Finalizer" daemon [_thread_blocked, id=8888, stack(0x00000023c7d00000,0x00000023c7e00000)]
  0x000001beebd48800 JavaThread "Signal Dispatcher" daemon [_thread_blocked, id=12208, stack(0x00000023c7e00000,0x00000023c7f00000)]
  0x000001beebd4b800 JavaThread "Attach Listener" daemon [_thread_blocked, id=14784, stack(0x00000023c7f00000,0x00000023c8000000)]
=>0x000001beebd51000 JavaThread "C2 CompilerThread0" daemon [_thread_in_native, id=5484, stack(0x00000023c8000000,0x00000023c8100000)]
  0x000001beebd4f000 JavaThread "C1 CompilerThread0" daemon [_thread_blocked, id=8524, stack(0x00000023c8100000,0x00000023c8200000)]
  0x000001beebd68800 JavaThread "Sweeper thread" daemon [_thread_blocked, id=14524, stack(0x00000023c8200000,0x00000023c8300000)]
  0x000001bed1d5f800 JavaThread "Common-Cleaner" daemon [_thread_blocked, id=3904, stack(0x00000023c8300000,0x00000023c8400000)]
  0x000001beecfce800 JavaThread "Service Thread" daemon [_thread_blocked, id=2600, stack(0x00000023c8400000,0x00000023c8500000)]
  0x000001beed6e3800 JavaThread "Active Thread: Equinox Container: 9debbca7-cc52-4a0c-90d4-ff1b95aa8acb" [_thread_blocked, id=9736, stack(0x00000023c8700000,0x00000023c8800000)]
  0x000001beed4df000 JavaThread "Framework Event Dispatcher: Equinox Container: 9debbca7-cc52-4a0c-90d4-ff1b95aa8acb" daemon [_thread_blocked, id=812, stack(0x00000023c8800000,0x00000023c8900000)]
  0x000001beed4e5800 JavaThread "Start Level: Equinox Container: 9debbca7-cc52-4a0c-90d4-ff1b95aa8acb" daemon [_thread_in_vm, id=13544, stack(0x00000023c8900000,0x00000023c8a00000)]
  0x000001beedd1e000 JavaThread "Worker-JM" [_thread_blocked, id=12292, stack(0x00000023c8600000,0x00000023c8700000)]
  0x000001beed888800 JavaThread "Worker-0" [_thread_blocked, id=8384, stack(0x00000023c8d00000,0x00000023c8e00000)]
  0x000001beee08f800 JavaThread "Worker-1" [_thread_blocked, id=14128, stack(0x00000023c8e00000,0x00000023c8f00000)]
  0x000001beee065800 JavaThread "Java indexing" daemon [_thread_blocked, id=15692, stack(0x00000023c8f00000,0x00000023c9000000)]
  0x000001beee2c8800 JavaThread "C2 CompilerThread1" daemon [_thread_in_native, id=216, stack(0x00000023c9000000,0x00000023c9100000)]

Other Threads:
  0x000001beebd41800 VMThread "VM Thread" [stack: 0x00000023c7b00000,0x00000023c7c00000] [id=1192]
  0x000001beecff8000 WatcherThread [stack: 0x00000023c8500000,0x00000023c8600000] [id=6908]
  0x000001bed1cd8000 GCTaskThread "ParGC Thread#0" [stack: 0x00000023c7a00000,0x00000023c7b00000] [id=4508]
  0x000001beedd1a800 GCTaskThread "ParGC Thread#1" [stack: 0x00000023c8a00000,0x00000023c8b00000] [id=6724]
  0x000001beedd27000 GCTaskThread "ParGC Thread#2" [stack: 0x00000023c8b00000,0x00000023c8c00000] [id=16616]
  0x000001beedd28000 GCTaskThread "ParGC Thread#3" [stack: 0x00000023c8c00000,0x00000023c8d00000] [id=2428]

Threads with active compile tasks:
C2 CompilerThread0     3861 2002       4       java.util.TreeMap::put (247 bytes)
C2 CompilerThread1     3862 2015       4       java.util.TreeMap::containsKey (14 bytes)

VM state:not at safepoint (normal execution)

VM Mutex/Monitor currently owned by a thread: None

Heap address: 0x00000000c0000000, size: 1024 MB, Compressed Oops mode: 32-bit
Narrow klass base: 0x0000000800000000, Narrow klass shift: 3
Compressed class space size: 1073741824 Address: 0x0000000800b40000

Heap:
 PSYoungGen      total 29696K, used 5738K [0x00000000eab00000, 0x00000000ecc00000, 0x0000000100000000)
  eden space 25600K, 22% used [0x00000000eab00000,0x00000000eb09a9c0,0x00000000ec400000)
  from space 4096K, 0% used [0x00000000ec800000,0x00000000ec800000,0x00000000ecc00000)
  to   space 4096K, 0% used [0x00000000ec400000,0x00000000ec400000,0x00000000ec800000)
 ParOldGen       total 68608K, used 6229K [0x00000000c0000000, 0x00000000c4300000, 0x00000000eab00000)
  object space 68608K, 9% used [0x00000000c0000000,0x00000000c0615420,0x00000000c4300000)
 Metaspace       used 19718K, capacity 20749K, committed 20992K, reserved 1069056K
  class space    used 1830K, capacity 2201K, committed 2304K, reserved 1048576K

Card table byte_map: [0x000001bed17b0000,0x000001bed19c0000] _byte_map_base: 0x000001bed11b0000

Marking Bits: (ParMarkBitMap*) 0x00007ffaf5db4110
 Begin Bits: [0x000001bee91c0000, 0x000001beea1c0000)
 End Bits:   [0x000001beea1c0000, 0x000001beeb1c0000)

Polling page: 0x000001becfc90000

Metaspace:

Usage:
  Non-class:     18.11 MB capacity,    17.47 MB ( 96%) used,   626.34 KB (  3%) free+waste,    33.50 KB ( <1%) overhead. 
      Class:      2.15 MB capacity,     1.79 MB ( 83%) used,   353.86 KB ( 16%) free+waste,    16.38 KB ( <1%) overhead. 
       Both:     20.26 MB capacity,    19.26 MB ( 95%) used,   980.20 KB (  5%) free+waste,    49.88 KB ( <1%) overhead. 

Virtual space:
  Non-class space:       20.00 MB reserved,      18.25 MB ( 91%) committed 
      Class space:        1.00 GB reserved,       2.25 MB ( <1%) committed 
             Both:        1.02 GB reserved,      20.50 MB (  2%) committed 

Chunk freelists:
   Non-Class:  12.00 KB
       Class:  7.00 KB
        Both:  19.00 KB

MaxMetaspaceSize: 17179869184.00 GB
CompressedClassSpaceSize: 1.00 GB

CodeHeap 'non-profiled nmethods': size=120000Kb used=730Kb max_used=730Kb free=119269Kb
 bounds [0x000001bee1c90000, 0x000001bee1f00000, 0x000001bee91c0000]
CodeHeap 'profiled nmethods': size=120000Kb used=4404Kb max_used=4404Kb free=115595Kb
 bounds [0x000001beda760000, 0x000001bedabb0000, 0x000001bee1c90000]
CodeHeap 'non-nmethods': size=5760Kb used=1241Kb max_used=1258Kb free=4518Kb
 bounds [0x000001beda1c0000, 0x000001beda430000, 0x000001beda760000]
 total_blobs=3238 nmethods=2036 adapters=422
 compilation: enabled
              stopped_count=0, restarted_count=0
 full_count=0

Compilation events (20 events):
Event: 3.765 Thread 0x000001beebd4f000 nmethod 1998 0x000001bedab98310 code [0x000001bedab984a0, 0x000001bedab98638]
Event: 3.766 Thread 0x000001beebd4f000 1999       3       jdk.internal.loader.BuiltinClassLoader::hasClassPath (13 bytes)
Event: 3.766 Thread 0x000001beebd4f000 nmethod 1999 0x000001bedab98710 code [0x000001bedab988c0, 0x000001bedab98a98]
Event: 3.769 Thread 0x000001beebd4f000 2000       3       jdk.internal.reflect.ConstructorAccessorImpl::<init> (5 bytes)
Event: 3.769 Thread 0x000001beebd4f000 nmethod 2000 0x000001bedab98b10 code [0x000001bedab98cc0, 0x000001bedab98ef8]
Event: 3.770 Thread 0x000001beebd4f000 2001       1       jdk.internal.reflect.NativeConstructorAccessorImpl::setParent (6 bytes)
Event: 3.770 Thread 0x000001beebd4f000 nmethod 2001 0x000001bee1d42e10 code [0x000001bee1d42fa0, 0x000001bee1d430f8]
Event: 3.772 Thread 0x000001beebd51000 nmethod 1990 0x000001bee1d43190 code [0x000001bee1d43340, 0x000001bee1d43798]
Event: 3.772 Thread 0x000001beebd4f000 2003       3       java.util.stream.StreamOpFlag::fromCharacteristics (37 bytes)
Event: 3.772 Thread 0x000001beebd51000 2002       4       java.util.TreeMap::put (247 bytes)
Event: 3.772 Thread 0x000001beebd4f000 nmethod 2003 0x000001bedab99010 code [0x000001bedab991e0, 0x000001bedab99560]
Event: 3.772 Thread 0x000001beebd4f000 2004       3       java.util.stream.AbstractPipeline::<init> (55 bytes)
Event: 3.772 Thread 0x000001beebd4f000 nmethod 2004 0x000001bedab99690 code [0x000001bedab99840, 0x000001bedab99ad8]
Event: 3.776 Thread 0x000001beebd4f000 2006       3       java.util.stream.StreamSupport::stream (19 bytes)
Event: 3.776 Thread 0x000001beebd4f000 nmethod 2006 0x000001bedab99c10 code [0x000001bedab99e00, 0x000001bedab9a290]
Event: 3.776 Thread 0x000001beebd4f000 2007       3       java.util.stream.ReferencePipeline$Head::<init> (8 bytes)
Event: 3.776 Thread 0x000001beebd4f000 nmethod 2007 0x000001bedab9a490 code [0x000001bedab9a640, 0x000001bedab9a850]
Event: 3.776 Thread 0x000001beebd4f000 2008       3       java.util.stream.ReferencePipeline::<init> (8 bytes)
Event: 3.776 Thread 0x000001beebd4f000 nmethod 2008 0x000001bedab9a910 code [0x000001bedab9aac0, 0x000001bedab9ac70]
Event: 3.788 Thread 0x000001beebd4f000 2009       3       java.nio.charset.Charset::checkName (157 bytes)

GC Heap History (12 events):
Event: 2.188 GC heap before
{Heap before GC invocations=1 (full 0):
 PSYoungGen      total 29696K, used 25600K [0x00000000eab00000, 0x00000000ecc00000, 0x0000000100000000)
  eden space 25600K, 100% used [0x00000000eab00000,0x00000000ec400000,0x00000000ec400000)
  from space 4096K, 0% used [0x00000000ec800000,0x00000000ec800000,0x00000000ecc00000)
  to   space 4096K, 0% used [0x00000000ec400000,0x00000000ec400000,0x00000000ec800000)
 ParOldGen       total 68608K, used 0K [0x00000000c0000000, 0x00000000c4300000, 0x00000000eab00000)
  object space 68608K, 0% used [0x00000000c0000000,0x00000000c0000000,0x00000000c4300000)
 Metaspace       used 7185K, capacity 7843K, committed 8064K, reserved 1056768K
  class space    used 696K, capacity 802K, committed 896K, reserved 1048576K
}
Event: 2.198 GC heap after
{Heap after GC invocations=1 (full 0):
 PSYoungGen      total 29696K, used 4081K [0x00000000eab00000, 0x00000000ecc00000, 0x0000000100000000)
  eden space 25600K, 0% used [0x00000000eab00000,0x00000000eab00000,0x00000000ec400000)
  from space 4096K, 99% used [0x00000000ec400000,0x00000000ec7fc6f8,0x00000000ec800000)
  to   space 4096K, 0% used [0x00000000ec800000,0x00000000ec800000,0x00000000ecc00000)
 ParOldGen       total 68608K, used 358K [0x00000000c0000000, 0x00000000c4300000, 0x00000000eab00000)
  object space 68608K, 0% used [0x00000000c0000000,0x00000000c0059810,0x00000000c4300000)
 Metaspace       used 7185K, capacity 7843K, committed 8064K, reserved 1056768K
  class space    used 696K, capacity 802K, committed 896K, reserved 1048576K
}
Event: 3.358 GC heap before
{Heap before GC invocations=2 (full 0):
 PSYoungGen      total 29696K, used 29681K [0x00000000eab00000, 0x00000000ecc00000, 0x0000000100000000)
  eden space 25600K, 100% used [0x00000000eab00000,0x00000000ec400000,0x00000000ec400000)
  from space 4096K, 99% used [0x00000000ec400000,0x00000000ec7fc6f8,0x00000000ec800000)
  to   space 4096K, 0% used [0x00000000ec800000,0x00000000ec800000,0x00000000ecc00000)
 ParOldGen       total 68608K, used 358K [0x00000000c0000000, 0x00000000c4300000, 0x00000000eab00000)
  object space 68608K, 0% used [0x00000000c0000000,0x00000000c0059810,0x00000000c4300000)
 Metaspace       used 17431K, capacity 18388K, committed 18560K, reserved 1067008K
  class space    used 1591K, capacity 1898K, committed 1920K, reserved 1048576K
}
Event: 3.370 GC heap after
{Heap after GC invocations=2 (full 0):
 PSYoungGen      total 29696K, used 4079K [0x00000000eab00000, 0x00000000ecc00000, 0x0000000100000000)
  eden space 25600K, 0% used [0x00000000eab00000,0x00000000eab00000,0x00000000ec400000)
  from space 4096K, 99% used [0x00000000ec800000,0x00000000ecbfbcd0,0x00000000ecc00000)
  to   space 4096K, 0% used [0x00000000ec400000,0x00000000ec400000,0x00000000ec800000)
 ParOldGen       total 68608K, used 2819K [0x00000000c0000000, 0x00000000c4300000, 0x00000000eab00000)
  object space 68608K, 4% used [0x00000000c0000000,0x00000000c02c0db0,0x00000000c4300000)
 Metaspace       used 17431K, capacity 18388K, committed 18560K, reserved 1067008K
  class space    used 1591K, capacity 1898K, committed 1920K, reserved 1048576K
}
Event: 3.415 GC heap before
{Heap before GC invocations=3 (full 0):
 PSYoungGen      total 29696K, used 9271K [0x00000000eab00000, 0x00000000ecc00000, 0x0000000100000000)
  eden space 25600K, 20% used [0x00000000eab00000,0x00000000eb0120f0,0x00000000ec400000)
  from space 4096K, 99% used [0x00000000ec800000,0x00000000ecbfbcd0,0x00000000ecc00000)
  to   space 4096K, 0% used [0x00000000ec400000,0x00000000ec400000,0x00000000ec800000)
 ParOldGen       total 68608K, used 2819K [0x00000000c0000000, 0x00000000c4300000, 0x00000000eab00000)
  object space 68608K, 4% used [0x00000000c0000000,0x00000000c02c0db0,0x00000000c4300000)
 Metaspace       used 17637K, capacity 18516K, committed 18560K, reserved 1073152K
  class space    used 1607K, capacity 1898K, committed 1920K, reserved 1048576K
}
Event: 3.427 GC heap after
{Heap after GC invocations=3 (full 0):
 PSYoungGen      total 29696K, used 4094K [0x00000000eab00000, 0x00000000ecc00000, 0x0000000100000000)
  eden space 25600K, 0% used [0x00000000eab00000,0x00000000eab00000,0x00000000ec400000)
  from space 4096K, 99% used [0x00000000ec400000,0x00000000ec7ff8f0,0x00000000ec800000)
  to   space 4096K, 0% used [0x00000000ec800000,0x00000000ec800000,0x00000000ecc00000)
 ParOldGen       total 68608K, used 2899K [0x00000000c0000000, 0x00000000c4300000, 0x00000000eab00000)
  object space 68608K, 4% used [0x00000000c0000000,0x00000000c02d4db0,0x00000000c4300000)
 Metaspace       used 17637K, capacity 18516K, committed 18560K, reserved 1073152K
  class space    used 1607K, capacity 1898K, committed 1920K, reserved 1048576K
}
Event: 3.427 GC heap before
{Heap before GC invocations=4 (full 1):
 PSYoungGen      total 29696K, used 4094K [0x00000000eab00000, 0x00000000ecc00000, 0x0000000100000000)
  eden space 25600K, 0% used [0x00000000eab00000,0x00000000eab00000,0x00000000ec400000)
  from space 4096K, 99% used [0x00000000ec400000,0x00000000ec7ff8f0,0x00000000ec800000)
  to   space 4096K, 0% used [0x00000000ec800000,0x00000000ec800000,0x00000000ecc00000)
 ParOldGen       total 68608K, used 2899K [0x00000000c0000000, 0x00000000c4300000, 0x00000000eab00000)
  object space 68608K, 4% used [0x00000000c0000000,0x00000000c02d4db0,0x00000000c4300000)
 Metaspace       used 17637K, capacity 18516K, committed 18560K, reserved 1073152K
  class space    used 1607K, capacity 1898K, committed 1920K, reserved 1048576K
}
Event: 3.480 GC heap after
{Heap after GC invocations=4 (full 1):
 PSYoungGen      total 29696K, used 0K [0x00000000eab00000, 0x00000000ecc00000, 0x0000000100000000)
  eden space 25600K, 0% used [0x00000000eab00000,0x00000000eab00000,0x00000000ec400000)
  from space 4096K, 0% used [0x00000000ec400000,0x00000000ec400000,0x00000000ec800000)
  to   space 4096K, 0% used [0x00000000ec800000,0x00000000ec800000,0x00000000ecc00000)
 ParOldGen       total 68608K, used 6846K [0x00000000c0000000, 0x00000000c4300000, 0x00000000eab00000)
  object space 68608K, 9% used [0x00000000c0000000,0x00000000c06afba0,0x00000000c4300000)
 Metaspace       used 17637K, capacity 18516K, committed 18560K, reserved 1073152K
  class space    used 1607K, capacity 1898K, committed 1920K, reserved 1048576K
}
Event: 3.480 GC heap before
{Heap before GC invocations=5 (full 1):
 PSYoungGen      total 29696K, used 0K [0x00000000eab00000, 0x00000000ecc00000, 0x0000000100000000)
  eden space 25600K, 0% used [0x00000000eab00000,0x00000000eab00000,0x00000000ec400000)
  from space 4096K, 0% used [0x00000000ec400000,0x00000000ec400000,0x00000000ec800000)
  to   space 4096K, 0% used [0x00000000ec800000,0x00000000ec800000,0x00000000ecc00000)
 ParOldGen       total 68608K, used 6846K [0x00000000c0000000, 0x00000000c4300000, 0x00000000eab00000)
  object space 68608K, 9% used [0x00000000c0000000,0x00000000c06afba0,0x00000000c4300000)
 Metaspace       used 17637K, capacity 18516K, committed 18560K, reserved 1077248K
  class space    used 1607K, capacity 1898K, committed 1920K, reserved 1048576K
}
Event: 3.489 GC heap after
{Heap after GC invocations=5 (full 1):
 PSYoungGen      total 29696K, used 0K [0x00000000eab00000, 0x00000000ecc00000, 0x0000000100000000)
  eden space 25600K, 0% used [0x00000000eab00000,0x00000000eab00000,0x00000000ec400000)
  from space 4096K, 0% used [0x00000000ec800000,0x00000000ec800000,0x00000000ecc00000)
  to   space 4096K, 0% used [0x00000000ec400000,0x00000000ec400000,0x00000000ec800000)
 ParOldGen       total 68608K, used 6846K [0x00000000c0000000, 0x00000000c4300000, 0x00000000eab00000)
  object space 68608K, 9% used [0x00000000c0000000,0x00000000c06afba0,0x00000000c4300000)
 Metaspace       used 17637K, capacity 18516K, committed 18560K, reserved 1077248K
  class space    used 1607K, capacity 1898K, committed 1920K, reserved 1048576K
}
Event: 3.489 GC heap before
{Heap before GC invocations=6 (full 2):
 PSYoungGen      total 29696K, used 0K [0x00000000eab00000, 0x00000000ecc00000, 0x0000000100000000)
  eden space 25600K, 0% used [0x00000000eab00000,0x00000000eab00000,0x00000000ec400000)
  from space 4096K, 0% used [0x00000000ec800000,0x00000000ec800000,0x00000000ecc00000)
  to   space 4096K, 0% used [0x00000000ec400000,0x00000000ec400000,0x00000000ec800000)
 ParOldGen       total 68608K, used 6846K [0x00000000c0000000, 0x00000000c4300000, 0x00000000eab00000)
  object space 68608K, 9% used [0x00000000c0000000,0x00000000c06afba0,0x00000000c4300000)
 Metaspace       used 17637K, capacity 18516K, committed 18560K, reserved 1077248K
  class space    used 1607K, capacity 1898K, committed 1920K, reserved 1048576K
}
Event: 3.570 GC heap after
{Heap after GC invocations=6 (full 2):
 PSYoungGen      total 29696K, used 0K [0x00000000eab00000, 0x00000000ecc00000, 0x0000000100000000)
  eden space 25600K, 0% used [0x00000000eab00000,0x00000000eab00000,0x00000000ec400000)
  from space 4096K, 0% used [0x00000000ec800000,0x00000000ec800000,0x00000000ecc00000)
  to   space 4096K, 0% used [0x00000000ec400000,0x00000000ec400000,0x00000000ec800000)
 ParOldGen       total 68608K, used 6229K [0x00000000c0000000, 0x00000000c4300000, 0x00000000eab00000)
  object space 68608K, 9% used [0x00000000c0000000,0x00000000c0615420,0x00000000c4300000)
 Metaspace       used 17598K, capacity 18456K, committed 18560K, reserved 1069056K
  class space    used 1598K, capacity 1880K, committed 1920K, reserved 1048576K
}

Deoptimization events (20 events):
Event: 3.687 Thread 0x000001beed4e5800 Uncommon trap: trap_request=0xffffffc6 fr.pc=0x000001bee1d16858 relative=0x0000000000000a98
Event: 3.687 Thread 0x000001beed4e5800 Uncommon trap: reason=bimorphic_or_optimized_type_check action=maybe_recompile pc=0x000001bee1d16858 method=java.util.HashMap.putVal(ILjava/lang/Object;Ljava/lang/Object;ZZ)Ljava/lang/Object; @ 56 c2
Event: 3.687 Thread 0x000001beed4e5800 DEOPT PACKING pc=0x000001bee1d16858 sp=0x00000023c89fd7d0
Event: 3.687 Thread 0x000001beed4e5800 DEOPT UNPACKING pc=0x000001beda20912f sp=0x00000023c89fd6d0 mode 2
Event: 3.687 Thread 0x000001beed4e5800 Uncommon trap: trap_request=0xffffffc6 fr.pc=0x000001bee1d16858 relative=0x0000000000000a98
Event: 3.687 Thread 0x000001beed4e5800 Uncommon trap: reason=bimorphic_or_optimized_type_check action=maybe_recompile pc=0x000001bee1d16858 method=java.util.HashMap.putVal(ILjava/lang/Object;Ljava/lang/Object;ZZ)Ljava/lang/Object; @ 56 c2
Event: 3.687 Thread 0x000001beed4e5800 DEOPT PACKING pc=0x000001bee1d16858 sp=0x00000023c89fd7d0
Event: 3.687 Thread 0x000001beed4e5800 DEOPT UNPACKING pc=0x000001beda20912f sp=0x00000023c89fd6d0 mode 2
Event: 3.687 Thread 0x000001beed4e5800 Uncommon trap: trap_request=0xffffffc6 fr.pc=0x000001bee1d16858 relative=0x0000000000000a98
Event: 3.687 Thread 0x000001beed4e5800 Uncommon trap: reason=bimorphic_or_optimized_type_check action=maybe_recompile pc=0x000001bee1d16858 method=java.util.HashMap.putVal(ILjava/lang/Object;Ljava/lang/Object;ZZ)Ljava/lang/Object; @ 56 c2
Event: 3.687 Thread 0x000001beed4e5800 DEOPT PACKING pc=0x000001bee1d16858 sp=0x00000023c89fd7d0
Event: 3.687 Thread 0x000001beed4e5800 DEOPT UNPACKING pc=0x000001beda20912f sp=0x00000023c89fd6d0 mode 2
Event: 3.746 Thread 0x000001beed4e5800 Uncommon trap: trap_request=0xffffffc6 fr.pc=0x000001bee1d39494 relative=0x0000000000000a94
Event: 3.746 Thread 0x000001beed4e5800 Uncommon trap: reason=bimorphic_or_optimized_type_check action=maybe_recompile pc=0x000001bee1d39494 method=java.util.Properties$LineReader.readLine()I @ 479 c2
Event: 3.746 Thread 0x000001beed4e5800 DEOPT PACKING pc=0x000001bee1d39494 sp=0x00000023c89fd2a0
Event: 3.746 Thread 0x000001beed4e5800 DEOPT UNPACKING pc=0x000001beda20912f sp=0x00000023c89fd200 mode 2
Event: 3.762 Thread 0x000001beed4e5800 Uncommon trap: trap_request=0xffffff45 fr.pc=0x000001bee1d0ff6c relative=0x0000000000000bcc
Event: 3.762 Thread 0x000001beed4e5800 Uncommon trap: reason=unstable_if action=reinterpret pc=0x000001bee1d0ff6c method=java.util.concurrent.ConcurrentHashMap.putVal(Ljava/lang/Object;Ljava/lang/Object;Z)Ljava/lang/Object; @ 148 c2
Event: 3.762 Thread 0x000001beed4e5800 DEOPT PACKING pc=0x000001bee1d0ff6c sp=0x00000023c89fcbb0
Event: 3.762 Thread 0x000001beed4e5800 DEOPT UNPACKING pc=0x000001beda20912f sp=0x00000023c89fcb40 mode 2

Classes unloaded (18 events):
Event: 3.497 Thread 0x000001beebd41800 Unloading class 0x0000000800c7c840 'java/lang/invoke/LambdaForm$MH'
Event: 3.497 Thread 0x000001beebd41800 Unloading class 0x0000000800c7d040 'java/lang/invoke/LambdaForm$MH'
Event: 3.497 Thread 0x000001beebd41800 Unloading class 0x0000000800c7dc40 'java/lang/invoke/LambdaForm$MH'
Event: 3.497 Thread 0x000001beebd41800 Unloading class 0x0000000800c7d840 'java/lang/invoke/LambdaForm$MH'
Event: 3.497 Thread 0x000001beebd41800 Unloading class 0x0000000800c7e440 'java/lang/invoke/LambdaForm$MH'
Event: 3.497 Thread 0x000001beebd41800 Unloading class 0x0000000800c7e040 'java/lang/invoke/LambdaForm$MH'
Event: 3.497 Thread 0x000001beebd41800 Unloading class 0x0000000800c7ec40 'java/lang/invoke/LambdaForm$MH'
Event: 3.497 Thread 0x000001beebd41800 Unloading class 0x0000000800c7f440 'java/lang/invoke/LambdaForm$MH'
Event: 3.497 Thread 0x000001beebd41800 Unloading class 0x0000000800c7f040 'java/lang/invoke/LambdaForm$MH'
Event: 3.497 Thread 0x000001beebd41800 Unloading class 0x0000000800bdf040 'jdk/internal/reflect/GeneratedConstructorAccessor2'
Event: 3.497 Thread 0x000001beebd41800 Unloading class 0x0000000800baa840 'jdk/internal/reflect/GeneratedMethodAccessor5'
Event: 3.497 Thread 0x000001beebd41800 Unloading class 0x0000000800bab440 'jdk/internal/reflect/GeneratedMethodAccessor4'
Event: 3.497 Thread 0x000001beebd41800 Unloading class 0x0000000800bab040 'jdk/internal/reflect/GeneratedMethodAccessor3'
Event: 3.497 Thread 0x000001beebd41800 Unloading class 0x0000000800babc40 'jdk/internal/reflect/GeneratedMethodAccessor2'
Event: 3.497 Thread 0x000001beebd41800 Unloading class 0x0000000800bab840 'jdk/internal/reflect/GeneratedMethodAccessor1'
Event: 3.497 Thread 0x000001beebd41800 Unloading class 0x0000000800badc40 'java/lang/invoke/LambdaForm$DMH'
Event: 3.497 Thread 0x000001beebd41800 Unloading class 0x0000000800bae040 'java/lang/invoke/LambdaForm$DMH'
Event: 3.497 Thread 0x000001beebd41800 Unloading class 0x0000000800ba7440 'jdk/internal/reflect/GeneratedConstructorAccessor1'

Classes redefined (0 events):
No events

Internal exceptions (20 events):
Event: 1.251 Thread 0x000001bed1cbf800 Exception <a 'java/lang/ClassNotFoundException'{0x00000000eb648a90}: sun/net/www/protocol/c/Handler> (0x00000000eb648a90) 
thrown [t:/workspace/open/src/hotspot/share/classfile/systemDictionary.cpp, line 232]
Event: 1.252 Thread 0x000001bed1cbf800 Exception <a 'java/lang/ClassNotFoundException'{0x00000000eb649cd0}: sun/net/www/protocol/c/Handler> (0x00000000eb649cd0) 
thrown [t:/workspace/open/src/hotspot/share/classfile/systemDictionary.cpp, line 232]
Event: 1.264 Thread 0x000001bed1cbf800 Exception <a 'java/io/FileNotFoundException'{0x00000000eb668798}> (0x00000000eb668798) 
thrown [t:/workspace/open/src/hotspot/share/prims/jni.cpp, line 598]
Event: 1.310 Thread 0x000001bed1cbf800 Implicit null exception at 0x000001bee1cb7765 to 0x000001bee1cb795a
Event: 1.464 Thread 0x000001bed1cbf800 Exception <a 'java/lang/NoSuchMethodError'{0x00000000eb9a3790}: 'int java.lang.invoke.DirectMethodHandle$Holder.invokeSpecialIFC(java.lang.Object, java.lang.Object, int)'> (0x00000000eb9a3790) 
thrown [t:/workspace/open/src/hotspot/share/interpreter/linkResolver.cpp, line 767]
Event: 1.698 Thread 0x000001bed1cbf800 Exception <a 'java/lang/NoSuchMethodError'{0x00000000ebd2bd40}: 'int java.lang.invoke.DirectMethodHandle$Holder.invokeStaticInit(java.lang.Object, java.lang.Object, java.lang.Object, java.lang.Object)'> (0x00000000ebd2bd40) 
thrown [t:/workspace/open/src/hotspot/share/interpreter/linkResolver.cpp, line 767]
Event: 1.700 Thread 0x000001bed1cbf800 Exception <a 'java/lang/IncompatibleClassChangeError'{0x00000000ebd352c0}: Found class java.lang.Object, but interface was expected> (0x00000000ebd352c0) 
thrown [t:/workspace/open/src/hotspot/share/interpreter/linkResolver.cpp, line 833]
Event: 1.700 Thread 0x000001bed1cbf800 Exception <a 'java/lang/NoSuchMethodError'{0x00000000ebd38398}: 'void java.lang.invoke.DirectMethodHandle$Holder.invokeStaticInit(java.lang.Object, java.lang.Object)'> (0x00000000ebd38398) 
thrown [t:/workspace/open/src/hotspot/share/interpreter/linkResolver.cpp, line 767]
Event: 1.702 Thread 0x000001bed1cbf800 Exception <a 'java/lang/NoSuchMethodError'{0x00000000ebd3d258}: 'int java.lang.invoke.DirectMethodHandle$Holder.invokeStaticInit(java.lang.Object, java.lang.Object)'> (0x00000000ebd3d258) 
thrown [t:/workspace/open/src/hotspot/share/interpreter/linkResolver.cpp, line 767]
Event: 2.098 Thread 0x000001beed4df000 Implicit null exception at 0x000001bee1cb9018 to 0x000001bee1cb90ca
Event: 2.102 Thread 0x000001bed1cbf800 Exception <a 'java/lang/UnsatisfiedLinkError'{0x00000000ec277e40}: 'void org.eclipse.equinox.launcher.JNIBridge._update_splash()'> (0x00000000ec277e40) 
thrown [t:/workspace/open/src/hotspot/share/prims/nativeLookup.cpp, line 387]
Event: 2.315 Thread 0x000001beed4e5800 Exception <a 'java/io/FileNotFoundException'{0x00000000ead08170}> (0x00000000ead08170) 
thrown [t:/workspace/open/src/hotspot/share/prims/jni.cpp, line 598]
Event: 2.664 Thread 0x000001beed4e5800 Exception <a 'java/io/FileNotFoundException'{0x00000000eb20af20}> (0x00000000eb20af20) 
thrown [t:/workspace/open/src/hotspot/share/prims/jni.cpp, line 598]
Event: 2.929 Thread 0x000001beed4e5800 Exception <a 'java/lang/NoSuchMethodError'{0x00000000eb58df10}: 'int java.lang.invoke.DirectMethodHandle$Holder.invokeStaticInit(java.lang.Object, java.lang.Object, java.lang.Object)'> (0x00000000eb58df10) 
thrown [t:/workspace/open/src/hotspot/share/interpreter/linkResolver.cpp, line 767]
Event: 3.611 Thread 0x000001beed4e5800 Exception <a 'java/lang/ClassNotFoundException'{0x00000000eac0e870}: com/sun/org/apache/xerces/internal/impl/msg/spi/DOMMessagesProvider> (0x00000000eac0e870) 
thrown [t:/workspace/open/src/hotspot/share/classfile/systemDictionary.cpp, line 232]
Event: 3.619 Thread 0x000001beed4e5800 Exception <a 'java/lang/ClassNotFoundException'{0x00000000eac233b0}: com/sun/org/apache/xerces/internal/impl/msg/spi/XMLSerializerMessagesProvider> (0x00000000eac233b0) 
thrown [t:/workspace/open/src/hotspot/share/classfile/systemDictionary.cpp, line 232]
Event: 3.619 Thread 0x000001beed4e5800 Exception <a 'java/lang/ClassNotFoundException'{0x00000000eac2eb40}: com/sun/org/apache/xerces/internal/impl/msg/spi/XMLMessagesProvider> (0x00000000eac2eb40) 
thrown [t:/workspace/open/src/hotspot/share/classfile/systemDictionary.cpp, line 232]
Event: 3.679 Thread 0x000001beed4e5800 Exception <a 'sun/nio/fs/WindowsException'{0x00000000eadc68c0}> (0x00000000eadc68c0) 
thrown [t:/workspace/open/src/hotspot/share/prims/jni.cpp, line 598]
Event: 3.685 Thread 0x000001beed4e5800 Exception <a 'java/io/FileNotFoundException'{0x00000000eade3e28}> (0x00000000eade3e28) 
thrown [t:/workspace/open/src/hotspot/share/prims/jni.cpp, line 598]
Event: 3.741 Thread 0x000001beed4e5800 Exception <a 'java/lang/ClassNotFoundException'{0x00000000eae8c788}: com/sun/org/apache/xml/internal/serializer/spi/XMLEntitiesProvider> (0x00000000eae8c788) 
thrown [t:/workspace/open/src/hotspot/share/classfile/systemDictionary.cpp, line 232]

Events (20 events):
Event: 3.778 loading class sun/nio/cs/DelegatableDecoder
Event: 3.778 loading class sun/nio/cs/DelegatableDecoder done
Event: 3.779 loading class sun/nio/cs/ISO_8859_15
Event: 3.779 loading class sun/nio/cs/ISO_8859_15 done
Event: 3.780 loading class sun/nio/cs/DoubleByte$Encoder
Event: 3.780 loading class sun/nio/cs/DoubleByte$Encoder done
Event: 3.780 loading class sun/nio/cs/DoubleByte$Decoder
Event: 3.781 loading class sun/nio/cs/DoubleByte$Decoder done
Event: 3.782 loading class sun/nio/cs/MS1251
Event: 3.782 loading class sun/nio/cs/MS1251 done
Event: 3.782 loading class sun/nio/cs/MS1250
Event: 3.782 loading class sun/nio/cs/MS1250 done
Event: 3.783 loading class sun/nio/cs/ISO_8859_2
Event: 3.783 loading class sun/nio/cs/ISO_8859_2 done
Event: 3.787 loading class sun/nio/cs/ISO_8859_4
Event: 3.787 loading class sun/nio/cs/ISO_8859_4 done
Event: 3.788 loading class sun/nio/cs/ISO_8859_5
Event: 3.788 loading class sun/nio/cs/ISO_8859_5 done
Event: 3.789 loading class sun/nio/cs/ISO_8859_9
Event: 3.789 loading class sun/nio/cs/ISO_8859_9 done


Dynamic libraries:
0x00007ff738b20000 - 0x00007ff738b2f000 	C:\Program Files\Java\jdk-13.0.2\bin\java.exe
0x00007ffb34a40000 - 0x00007ffb34c30000 	C:\WINDOWS\SYSTEM32\ntdll.dll
0x00007ffb33270000 - 0x00007ffb33322000 	C:\WINDOWS\System32\KERNEL32.DLL
0x00007ffb32510000 - 0x00007ffb327b3000 	C:\WINDOWS\System32\KERNELBASE.dll
0x00007ffb327c0000 - 0x00007ffb328ba000 	C:\WINDOWS\System32\ucrtbase.dll
0x00007ffb226c0000 - 0x00007ffb226d8000 	C:\Program Files\Java\jdk-13.0.2\bin\jli.dll
0x00007ffb21cd0000 - 0x00007ffb21ce5000 	C:\Program Files\Java\jdk-13.0.2\bin\VCRUNTIME140.dll
0x00007ffb336b0000 - 0x00007ffb33753000 	C:\WINDOWS\System32\ADVAPI32.dll
0x00007ffb347e0000 - 0x00007ffb3487e000 	C:\WINDOWS\System32\msvcrt.dll
0x00007ffb32d00000 - 0x00007ffb32d97000 	C:\WINDOWS\System32\sechost.dll
0x00007ffb34250000 - 0x00007ffb34370000 	C:\WINDOWS\System32\RPCRT4.dll
0x00007ffb340b0000 - 0x00007ffb34244000 	C:\WINDOWS\System32\USER32.dll
0x00007ffb32150000 - 0x00007ffb32171000 	C:\WINDOWS\System32\win32u.dll
0x00007ffb33680000 - 0x00007ffb336a6000 	C:\WINDOWS\System32\GDI32.dll
0x00007ffb32370000 - 0x00007ffb32504000 	C:\WINDOWS\System32\gdi32full.dll
0x00007ffb322d0000 - 0x00007ffb3236e000 	C:\WINDOWS\System32\msvcp_win.dll
0x00007ffb23e30000 - 0x00007ffb240b5000 	C:\WINDOWS\WinSxS\amd64_microsoft.windows.common-controls_6595b64144ccf1df_6.0.18362.778_none_e6c6b761130d4fb8\COMCTL32.dll
0x00007ffb32f00000 - 0x00007ffb33236000 	C:\WINDOWS\System32\combase.dll
0x00007ffb32920000 - 0x00007ffb329a0000 	C:\WINDOWS\System32\bcryptPrimitives.dll
0x00007ffb2a360000 - 0x00007ffb2a36a000 	C:\WINDOWS\SYSTEM32\VERSION.dll
0x00007ffb33240000 - 0x00007ffb3326e000 	C:\WINDOWS\System32\IMM32.DLL
0x00007ffb0d5b0000 - 0x00007ffb0d64b000 	C:\Program Files\Java\jdk-13.0.2\bin\msvcp140.dll
0x00007ffaf5320000 - 0x00007ffaf5e7d000 	C:\Program Files\Java\jdk-13.0.2\bin\server\jvm.dll
0x00007ffb32e80000 - 0x00007ffb32e88000 	C:\WINDOWS\System32\PSAPI.DLL
0x00007ffb2d550000 - 0x00007ffb2d559000 	C:\WINDOWS\SYSTEM32\WSOCK32.dll
0x00007ffb335f0000 - 0x00007ffb3365f000 	C:\WINDOWS\System32\WS2_32.dll
0x00007ffb2f8f0000 - 0x00007ffb2f914000 	C:\WINDOWS\SYSTEM32\WINMM.dll
0x00007ffb2f8c0000 - 0x00007ffb2f8ed000 	C:\WINDOWS\SYSTEM32\WINMMBASE.dll
0x00007ffb32180000 - 0x00007ffb321ca000 	C:\WINDOWS\System32\cfgmgr32.dll
0x00007ffb31930000 - 0x00007ffb31941000 	C:\WINDOWS\System32\kernel.appcore.dll
0x00007ffb2db50000 - 0x00007ffb2db60000 	C:\Program Files\Java\jdk-13.0.2\bin\verify.dll
0x00007ffb2c270000 - 0x00007ffb2c464000 	C:\WINDOWS\SYSTEM32\DBGHELP.DLL
0x00007ffb1d2f0000 - 0x00007ffb1d31a000 	C:\WINDOWS\SYSTEM32\dbgcore.DLL
0x00007ffb0f7f0000 - 0x00007ffb0f816000 	C:\Program Files\Java\jdk-13.0.2\bin\java.dll
0x00007ffb1ab40000 - 0x00007ffb1ab57000 	C:\Program Files\Java\jdk-13.0.2\bin\zip.dll
0x00007ffb26b40000 - 0x00007ffb26b4a000 	C:\Program Files\Java\jdk-13.0.2\bin\jimage.dll
0x00007ffb337c0000 - 0x00007ffb33ea5000 	C:\WINDOWS\System32\SHELL32.dll
0x00007ffb34880000 - 0x00007ffb34929000 	C:\WINDOWS\System32\shcore.dll
0x00007ffb319d0000 - 0x00007ffb32150000 	C:\WINDOWS\System32\windows.storage.dll
0x00007ffb31950000 - 0x00007ffb31973000 	C:\WINDOWS\System32\profapi.dll
0x00007ffb31980000 - 0x00007ffb319ca000 	C:\WINDOWS\System32\powrprof.dll
0x00007ffb31900000 - 0x00007ffb31910000 	C:\WINDOWS\System32\UMPDC.dll
0x00007ffb32ca0000 - 0x00007ffb32cf2000 	C:\WINDOWS\System32\shlwapi.dll
0x00007ffb322b0000 - 0x00007ffb322c7000 	C:\WINDOWS\System32\cryptsp.dll
0x00007ffb1a730000 - 0x00007ffb1a749000 	C:\Program Files\Java\jdk-13.0.2\bin\net.dll
0x00007ffb24140000 - 0x00007ffb24230000 	C:\WINDOWS\SYSTEM32\WINHTTP.dll
0x00007ffb31170000 - 0x00007ffb311d7000 	C:\WINDOWS\system32\mswsock.dll
0x00007ffb16ca0000 - 0x00007ffb16cb3000 	C:\Program Files\Java\jdk-13.0.2\bin\nio.dll
0x00007ffb30ce0000 - 0x00007ffb30d13000 	C:\WINDOWS\system32\rsaenh.dll
0x00007ffb32280000 - 0x00007ffb322a6000 	C:\WINDOWS\System32\bcrypt.dll
0x00007ffb317f0000 - 0x00007ffb31815000 	C:\WINDOWS\SYSTEM32\USERENV.dll
0x00007ffb31340000 - 0x00007ffb3134c000 	C:\WINDOWS\SYSTEM32\CRYPTBASE.dll
0x00007ffb30e80000 - 0x00007ffb30eba000 	C:\WINDOWS\SYSTEM32\IPHLPAPI.DLL
0x00007ffb335e0000 - 0x00007ffb335e8000 	C:\WINDOWS\System32\NSI.dll
0x00007ffb28f60000 - 0x00007ffb28f76000 	C:\WINDOWS\SYSTEM32\dhcpcsvc6.DLL
0x00007ffb29930000 - 0x00007ffb2994c000 	C:\WINDOWS\SYSTEM32\dhcpcsvc.DLL
0x00007ffb30f10000 - 0x00007ffb30fda000 	C:\WINDOWS\SYSTEM32\DNSAPI.dll
0x00007ffb0e7b0000 - 0x00007ffb0e7d9000 	C:\Users\admin\AppData\Roaming\Code\User\globalStorage\redhat.java\0.61.0\config_win\org.eclipse.equinox.launcher\org.eclipse.equinox.launcher.win32.win32.x86_64_1.1.1100.v20190907-0426\eclipse_1902.dll

dbghelp: loaded successfully - version: 4.0.5 - missing functions: none
symbol engine: initialized successfully - sym options: 0x614 - pdb path: .;C:\Program Files\Java\jdk-13.0.2\bin;C:\WINDOWS\SYSTEM32;C:\WINDOWS\WinSxS\amd64_microsoft.windows.common-controls_6595b64144ccf1df_6.0.18362.778_none_e6c6b761130d4fb8;C:\Program Files\Java\jdk-13.0.2\bin\server;C:\Users\admin\AppData\Roaming\Code\User\globalStorage\redhat.java\0.61.0\config_win\org.eclipse.equinox.launcher\org.eclipse.equinox.launcher.win32.win32.x86_64_1.1.1100.v20190907-0426

VM Arguments:
jvm_args: --add-modules=ALL-SYSTEM --add-opens=java.base/java.util=ALL-UNNAMED --add-opens=java.base/java.lang=ALL-UNNAMED -Declipse.application=org.eclipse.jdt.ls.core.id1 -Dosgi.bundles.defaultStartLevel=4 -Declipse.product=org.eclipse.jdt.ls.core.product -Dfile.encoding=utf8 -DwatchParentProcess=false -XX:+UseParallelGC -XX:GCTimeRatio=4 -XX:AdaptiveSizePolicyWeight=90 -Dsun.zip.disableMemoryMapping=true -Xmx1G -Xms100m 
java_command: c:\Users\admin\.vscode\extensions\redhat.java-0.61.0\server\plugins\org.eclipse.equinox.launcher_1.5.700.v20200207-2156.jar -configuration c:\Users\admin\AppData\Roaming\Code\User\globalStorage\redhat.java\0.61.0\config_win -data c:\Users\admin\AppData\Roaming\Code\User\workspaceStorage\077ad5276b704709ee4e8f33274168f8\redhat.java\jdt_ws
java_class_path (initial): c:\Users\admin\.vscode\extensions\redhat.java-0.61.0\server\plugins\org.eclipse.equinox.launcher_1.5.700.v20200207-2156.jar
Launcher Type: SUN_STANDARD

[Global flags]
    uintx AdaptiveSizePolicyWeight                 = 90                                        {product} {command line}
     intx CICompilerCount                          = 3                                         {product} {ergonomic}
    uintx GCTimeRatio                              = 4                                         {product} {command line}
   size_t InitialHeapSize                          = 104857600                                 {product} {command line}
   size_t MaxHeapSize                              = 1073741824                                {product} {command line}
   size_t MaxNewSize                               = 357564416                                 {product} {ergonomic}
   size_t MinHeapDeltaBytes                        = 524288                                    {product} {ergonomic}
   size_t MinHeapSize                              = 104857600                                 {product} {command line}
   size_t NewSize                                  = 34603008                                  {product} {ergonomic}
    uintx NonNMethodCodeHeapSize                   = 5832780                                {pd product} {ergonomic}
    uintx NonProfiledCodeHeapSize                  = 122912730                              {pd product} {ergonomic}
   size_t OldSize                                  = 70254592                                  {product} {ergonomic}
    uintx ProfiledCodeHeapSize                     = 122912730                              {pd product} {ergonomic}
    uintx ReservedCodeCacheSize                    = 251658240                              {pd product} {ergonomic}
     bool SegmentedCodeCache                       = true                                      {product} {ergonomic}
   size_t SoftMaxHeapSize                          = 1073741824                             {manageable} {ergonomic}
     bool UseCompressedClassPointers               = true                                 {lp64_product} {ergonomic}
     bool UseCompressedOops                        = true                                 {lp64_product} {ergonomic}
     bool UseLargePagesIndividualAllocation        = false                                  {pd product} {ergonomic}
     bool UseParallelGC                            = true                                      {product} {command line}

Logging:
Log output configuration:
 #0: stdout all=warning uptime,level,tags
 #1: stderr all=off uptime,level,tags

Environment Variables:
PATH=C:\Python38\Scripts\;C:\Python38\;C:\Program Files (x86)\Common Files\Oracle\Java\javapath;C:\ProgramData\Oracle\Java\javapath;C:\WINDOWS\system32;C:\WINDOWS;C:\WINDOWS\System32\Wbem;C:\WINDOWS\System32\WindowsPowerShell\v1.0\;C:\Program Files (x86)\Skype\Phone\;C:\WINDOWS\System32\OpenSSH\;C:\Program Files\Intel\WiFi\bin\;C:\Program Files\Common Files\Intel\WirelessCommon\;C:\Program Files\Git\cmd;C:\ProgramData\chocolatey\bin;C:\Users\admin\Win2020\NPM\;C:\Users\admin\AppData\Local\Microsoft\WindowsApps;C:\Program Files\Intel\WiFi\bin\;C:\Program Files\Common Files\Intel\WirelessCommon\;C:\Users\admin\AppData\Local\Programs\Microsoft VS Code\bin;C:\Users\admin\AppData\Local\GitHubDesktop\bin;C:\Users\admin\AppData\Roaming\npm
USERNAME=admin
OS=Windows_NT
PROCESSOR_IDENTIFIER=Intel64 Family 6 Model 61 Stepping 4, GenuineIntel



---------------  S Y S T E M  ---------------

OS: Windows 10 , 64 bit Build 18362 (10.0.18362.778)

CPU:total 4 (initial active 4) (2 cores per cpu, 2 threads per core) family 6 model 61 stepping 4, cmov, cx8, fxsr, mmx, sse, sse2, sse3, ssse3, sse4.1, sse4.2, popcnt, avx, avx2, aes, clmul, erms, rtm, 3dnowpref, lzcnt, ht, tsc, tscinvbit, bmi1, bmi2, adx, fma

Memory: 4k page, system-wide physical 8080M (1526M free)
TotalPageFile size 10128M (AvailPageFile size 0M)
current process WorkingSet (physical memory assigned to process): 116M, peak: 116M
current process commit charge ("private bytes"): 219M, peak: 219M

vm_info: Java HotSpot(TM) 64-Bit Server VM (13.0.2+8) for windows-amd64 JRE (13.0.2+8), built on Dec 11 2019 09:20:33 by "mach5one" with unknown MS VC++:1916

END.
